[2023-02-23T04:40:56.772+0000] {taskinstance.py:1083} INFO - Dependencies all met for <TaskInstance: database_dag.initialize_db manual__2023-02-23T04:35:49.985107+00:00 [queued]>
[2023-02-23T04:40:56.779+0000] {taskinstance.py:1083} INFO - Dependencies all met for <TaskInstance: database_dag.initialize_db manual__2023-02-23T04:35:49.985107+00:00 [queued]>
[2023-02-23T04:40:56.780+0000] {taskinstance.py:1279} INFO - 
--------------------------------------------------------------------------------
[2023-02-23T04:40:56.783+0000] {taskinstance.py:1280} INFO - Starting attempt 2 of 2
[2023-02-23T04:40:56.783+0000] {taskinstance.py:1281} INFO - 
--------------------------------------------------------------------------------
[2023-02-23T04:40:56.793+0000] {taskinstance.py:1300} INFO - Executing <Task(PythonOperator): initialize_db> on 2023-02-23 04:35:49.985107+00:00
[2023-02-23T04:40:56.804+0000] {standard_task_runner.py:55} INFO - Started process 21388 to run task
[2023-02-23T04:40:56.808+0000] {standard_task_runner.py:82} INFO - Running: ['***', 'tasks', 'run', 'database_dag', 'initialize_db', 'manual__2023-02-23T04:35:49.985107+00:00', '--job-id', '55', '--raw', '--subdir', 'DAGS_FOLDER/metadataScrapper.py', '--cfg-path', '/tmp/tmpahr6xzuk']
[2023-02-23T04:40:56.811+0000] {standard_task_runner.py:83} INFO - Job 55: Subtask initialize_db
[2023-02-23T04:40:56.887+0000] {task_command.py:388} INFO - Running <TaskInstance: database_dag.initialize_db manual__2023-02-23T04:35:49.985107+00:00 [running]> on host fd37b4f3bb6b
[2023-02-23T04:40:56.941+0000] {taskinstance.py:1509} INFO - Exporting the following env vars:
AIRFLOW_CTX_DAG_OWNER=Charu Singh
AIRFLOW_CTX_DAG_ID=database_dag
AIRFLOW_CTX_TASK_ID=initialize_db
AIRFLOW_CTX_EXECUTION_DATE=2023-02-23T04:35:49.985107+00:00
AIRFLOW_CTX_TRY_NUMBER=2
AIRFLOW_CTX_DAG_RUN_ID=manual__2023-02-23T04:35:49.985107+00:00
[2023-02-23T04:40:56.943+0000] {logging_mixin.py:137} INFO - /opt/***/dags
[2023-02-23T04:40:56.954+0000] {metadataScrapper.py:107} INFO - Database file already exist
[2023-02-23T04:40:59.443+0000] {taskinstance.py:1768} ERROR - Task failed with exception
Traceback (most recent call last):
  File "/home/airflow/.local/lib/python3.7/site-packages/airflow/operators/python.py", line 175, in execute
    return_value = self.execute_callable()
  File "/home/airflow/.local/lib/python3.7/site-packages/airflow/operators/python.py", line 192, in execute_callable
    return self.python_callable(*self.op_args, **self.op_kwargs)
  File "/opt/airflow/dags/metadataScrapper.py", line 108, in check_database_initilization
    create_table_in_db()
  File "/opt/airflow/dags/metadataScrapper.py", line 88, in create_table_in_db
    df = create_df()
  File "/opt/airflow/dags/metadataScrapper.py", line 78, in create_df
    data = get_meta_data_for_db_population()
  File "/opt/airflow/dags/metadataScrapper.py", line 140, in get_meta_data_for_db_population
    files = get_files_from_goes_bucket("ABI-L1b-RadC")
  File "/opt/airflow/dags/metadataScrapper.py", line 128, in get_files_from_goes_bucket
    goes_bucket = paginator.paginate(Bucket = goes_bucket,Prefix = dir)
UnboundLocalError: local variable 'goes_bucket' referenced before assignment
[2023-02-23T04:40:59.460+0000] {taskinstance.py:1323} INFO - Marking task as FAILED. dag_id=database_dag, task_id=initialize_db, execution_date=20230223T043549, start_date=20230223T044056, end_date=20230223T044059
[2023-02-23T04:40:59.476+0000] {standard_task_runner.py:105} ERROR - Failed to execute job 55 for task initialize_db (local variable 'goes_bucket' referenced before assignment; 21388)
[2023-02-23T04:40:59.555+0000] {local_task_job.py:208} INFO - Task exited with return code 1
[2023-02-23T04:40:59.596+0000] {taskinstance.py:2578} INFO - 0 downstream tasks scheduled from follow-on schedule check
