[2023-02-23T18:45:22.967+0000] {taskinstance.py:1083} INFO - Dependencies all met for <TaskInstance: metadata_scraper.scrape_goes_data manual__2023-02-23T18:45:21.211353+00:00 [queued]>
[2023-02-23T18:45:22.979+0000] {taskinstance.py:1083} INFO - Dependencies all met for <TaskInstance: metadata_scraper.scrape_goes_data manual__2023-02-23T18:45:21.211353+00:00 [queued]>
[2023-02-23T18:45:22.980+0000] {taskinstance.py:1279} INFO - 
--------------------------------------------------------------------------------
[2023-02-23T18:45:22.981+0000] {taskinstance.py:1280} INFO - Starting attempt 1 of 1
[2023-02-23T18:45:22.982+0000] {taskinstance.py:1281} INFO - 
--------------------------------------------------------------------------------
[2023-02-23T18:45:23.002+0000] {taskinstance.py:1300} INFO - Executing <Task(PythonOperator): scrape_goes_data> on 2023-02-23 18:45:21.211353+00:00
[2023-02-23T18:45:23.024+0000] {standard_task_runner.py:55} INFO - Started process 1057 to run task
[2023-02-23T18:45:23.030+0000] {standard_task_runner.py:82} INFO - Running: ['***', 'tasks', 'run', 'metadata_scraper', 'scrape_goes_data', 'manual__2023-02-23T18:45:21.211353+00:00', '--job-id', '80', '--raw', '--subdir', 'DAGS_FOLDER/metadataScrapper.py', '--cfg-path', '/tmp/tmp1srvpsnq']
[2023-02-23T18:45:23.032+0000] {standard_task_runner.py:83} INFO - Job 80: Subtask scrape_goes_data
[2023-02-23T18:45:23.117+0000] {task_command.py:388} INFO - Running <TaskInstance: metadata_scraper.scrape_goes_data manual__2023-02-23T18:45:21.211353+00:00 [running]> on host a63d292ab6ab
[2023-02-23T18:45:23.175+0000] {taskinstance.py:1509} INFO - Exporting the following env vars:
AIRFLOW_CTX_DAG_OWNER=Charu Singh
AIRFLOW_CTX_DAG_ID=metadata_scraper
AIRFLOW_CTX_TASK_ID=scrape_goes_data
AIRFLOW_CTX_EXECUTION_DATE=2023-02-23T18:45:21.211353+00:00
AIRFLOW_CTX_TRY_NUMBER=1
AIRFLOW_CTX_DAG_RUN_ID=manual__2023-02-23T18:45:21.211353+00:00
[2023-02-23T18:45:23.183+0000] {python.py:177} INFO - Done. Returned value was: None
[2023-02-23T18:45:23.193+0000] {taskinstance.py:1323} INFO - Marking task as SUCCESS. dag_id=metadata_scraper, task_id=scrape_goes_data, execution_date=20230223T184521, start_date=20230223T184522, end_date=20230223T184523
[2023-02-23T18:45:23.245+0000] {local_task_job.py:208} INFO - Task exited with return code 0
[2023-02-23T18:45:23.264+0000] {taskinstance.py:2578} INFO - 1 downstream tasks scheduled from follow-on schedule check
