[2023-02-22T23:54:22.814+0000] {taskinstance.py:1083} INFO - Dependencies all met for <TaskInstance: scrap_metadata.extract_geos_metadata manual__2023-02-22T23:54:21.529312+00:00 [queued]>
[2023-02-22T23:54:22.822+0000] {taskinstance.py:1083} INFO - Dependencies all met for <TaskInstance: scrap_metadata.extract_geos_metadata manual__2023-02-22T23:54:21.529312+00:00 [queued]>
[2023-02-22T23:54:22.824+0000] {taskinstance.py:1279} INFO - 
--------------------------------------------------------------------------------
[2023-02-22T23:54:22.825+0000] {taskinstance.py:1280} INFO - Starting attempt 1 of 1
[2023-02-22T23:54:22.826+0000] {taskinstance.py:1281} INFO - 
--------------------------------------------------------------------------------
[2023-02-22T23:54:22.836+0000] {taskinstance.py:1300} INFO - Executing <Task(BashOperator): extract_geos_metadata> on 2023-02-22 23:54:21.529312+00:00
[2023-02-22T23:54:22.846+0000] {standard_task_runner.py:55} INFO - Started process 9563 to run task
[2023-02-22T23:54:22.850+0000] {standard_task_runner.py:82} INFO - Running: ['***', 'tasks', 'run', 'scrap_metadata', 'extract_geos_metadata', 'manual__2023-02-22T23:54:21.529312+00:00', '--job-id', '20', '--raw', '--subdir', 'DAGS_FOLDER/schedule.py', '--cfg-path', '/tmp/tmpgg0u96kk']
[2023-02-22T23:54:22.854+0000] {standard_task_runner.py:83} INFO - Job 20: Subtask extract_geos_metadata
[2023-02-22T23:54:22.937+0000] {task_command.py:388} INFO - Running <TaskInstance: scrap_metadata.extract_geos_metadata manual__2023-02-22T23:54:21.529312+00:00 [running]> on host fd37b4f3bb6b
[2023-02-22T23:54:22.999+0000] {taskinstance.py:1509} INFO - Exporting the following env vars:
AIRFLOW_CTX_DAG_OWNER=Charu Singh
AIRFLOW_CTX_DAG_ID=scrap_metadata
AIRFLOW_CTX_TASK_ID=extract_geos_metadata
AIRFLOW_CTX_EXECUTION_DATE=2023-02-22T23:54:21.529312+00:00
AIRFLOW_CTX_TRY_NUMBER=1
AIRFLOW_CTX_DAG_RUN_ID=manual__2023-02-22T23:54:21.529312+00:00
[2023-02-22T23:54:23.003+0000] {subprocess.py:63} INFO - Tmp dir root location: 
 /tmp
[2023-02-22T23:54:23.005+0000] {subprocess.py:75} INFO - Running command: ['/bin/bash', '-c', 'python3 ']
[2023-02-22T23:54:23.018+0000] {subprocess.py:86} INFO - Output:
[2023-02-22T23:54:23.094+0000] {subprocess.py:97} INFO - Command exited with return code 0
[2023-02-22T23:54:23.126+0000] {taskinstance.py:1323} INFO - Marking task as SUCCESS. dag_id=scrap_metadata, task_id=extract_geos_metadata, execution_date=20230222T235421, start_date=20230222T235422, end_date=20230222T235423
[2023-02-22T23:54:23.191+0000] {local_task_job.py:208} INFO - Task exited with return code 0
[2023-02-22T23:54:23.213+0000] {taskinstance.py:2578} INFO - 1 downstream tasks scheduled from follow-on schedule check
