[2023-02-23T23:11:35.970+0000] {taskinstance.py:1083} INFO - Dependencies all met for <TaskInstance: metadata_scraper.scrape_goes_data manual__2023-02-23T23:11:34.138232+00:00 [queued]>
[2023-02-23T23:11:35.983+0000] {taskinstance.py:1083} INFO - Dependencies all met for <TaskInstance: metadata_scraper.scrape_goes_data manual__2023-02-23T23:11:34.138232+00:00 [queued]>
[2023-02-23T23:11:35.985+0000] {taskinstance.py:1279} INFO - 
--------------------------------------------------------------------------------
[2023-02-23T23:11:35.991+0000] {taskinstance.py:1280} INFO - Starting attempt 1 of 1
[2023-02-23T23:11:35.991+0000] {taskinstance.py:1281} INFO - 
--------------------------------------------------------------------------------
[2023-02-23T23:11:36.002+0000] {taskinstance.py:1300} INFO - Executing <Task(PythonOperator): scrape_goes_data> on 2023-02-23 23:11:34.138232+00:00
[2023-02-23T23:11:36.020+0000] {standard_task_runner.py:55} INFO - Started process 4908 to run task
[2023-02-23T23:11:36.027+0000] {standard_task_runner.py:82} INFO - Running: ['***', 'tasks', 'run', 'metadata_scraper', 'scrape_goes_data', 'manual__2023-02-23T23:11:34.138232+00:00', '--job-id', '18', '--raw', '--subdir', 'DAGS_FOLDER/metadataScrapper.py', '--cfg-path', '/tmp/tmpphklt4nq']
[2023-02-23T23:11:36.029+0000] {standard_task_runner.py:83} INFO - Job 18: Subtask scrape_goes_data
[2023-02-23T23:11:36.114+0000] {task_command.py:388} INFO - Running <TaskInstance: metadata_scraper.scrape_goes_data manual__2023-02-23T23:11:34.138232+00:00 [running]> on host e71d177a0fdc
[2023-02-23T23:11:36.169+0000] {taskinstance.py:1509} INFO - Exporting the following env vars:
AIRFLOW_CTX_DAG_OWNER=Charu Singh
AIRFLOW_CTX_DAG_ID=metadata_scraper
AIRFLOW_CTX_TASK_ID=scrape_goes_data
AIRFLOW_CTX_EXECUTION_DATE=2023-02-23T23:11:34.138232+00:00
AIRFLOW_CTX_TRY_NUMBER=1
AIRFLOW_CTX_DAG_RUN_ID=manual__2023-02-23T23:11:34.138232+00:00
[2023-02-23T23:11:56.745+0000] {python.py:177} INFO - Done. Returned value was: None
[2023-02-23T23:11:56.771+0000] {taskinstance.py:1323} INFO - Marking task as SUCCESS. dag_id=metadata_scraper, task_id=scrape_goes_data, execution_date=20230223T231134, start_date=20230223T231135, end_date=20230223T231156
[2023-02-23T23:11:56.863+0000] {local_task_job.py:208} INFO - Task exited with return code 0
[2023-02-23T23:11:56.901+0000] {taskinstance.py:2578} INFO - 1 downstream tasks scheduled from follow-on schedule check
