[2023-02-23T05:12:16.193+0000] {taskinstance.py:1083} INFO - Dependencies all met for <TaskInstance: database_dag.get_meta_data_for_db_population manual__2023-02-23T05:12:13.617494+00:00 [queued]>
[2023-02-23T05:12:16.204+0000] {taskinstance.py:1083} INFO - Dependencies all met for <TaskInstance: database_dag.get_meta_data_for_db_population manual__2023-02-23T05:12:13.617494+00:00 [queued]>
[2023-02-23T05:12:16.205+0000] {taskinstance.py:1279} INFO - 
--------------------------------------------------------------------------------
[2023-02-23T05:12:16.206+0000] {taskinstance.py:1280} INFO - Starting attempt 1 of 1
[2023-02-23T05:12:16.210+0000] {taskinstance.py:1281} INFO - 
--------------------------------------------------------------------------------
[2023-02-23T05:12:16.225+0000] {taskinstance.py:1300} INFO - Executing <Task(PythonOperator): get_meta_data_for_db_population> on 2023-02-23 05:12:13.617494+00:00
[2023-02-23T05:12:16.257+0000] {standard_task_runner.py:55} INFO - Started process 23285 to run task
[2023-02-23T05:12:16.266+0000] {standard_task_runner.py:82} INFO - Running: ['***', 'tasks', 'run', 'database_dag', 'get_meta_data_for_db_population', 'manual__2023-02-23T05:12:13.617494+00:00', '--job-id', '66', '--raw', '--subdir', 'DAGS_FOLDER/metadataScrapper.py', '--cfg-path', '/tmp/tmp1bh_mxgi']
[2023-02-23T05:12:16.270+0000] {standard_task_runner.py:83} INFO - Job 66: Subtask get_meta_data_for_db_population
[2023-02-23T05:12:16.355+0000] {task_command.py:388} INFO - Running <TaskInstance: database_dag.get_meta_data_for_db_population manual__2023-02-23T05:12:13.617494+00:00 [running]> on host fd37b4f3bb6b
[2023-02-23T05:12:16.438+0000] {taskinstance.py:1509} INFO - Exporting the following env vars:
AIRFLOW_CTX_DAG_OWNER=Charu Singh
AIRFLOW_CTX_DAG_ID=database_dag
AIRFLOW_CTX_TASK_ID=get_meta_data_for_db_population
AIRFLOW_CTX_EXECUTION_DATE=2023-02-23T05:12:13.617494+00:00
AIRFLOW_CTX_TRY_NUMBER=1
AIRFLOW_CTX_DAG_RUN_ID=manual__2023-02-23T05:12:13.617494+00:00
[2023-02-23T05:12:16.444+0000] {taskinstance.py:1768} ERROR - Task failed with exception
Traceback (most recent call last):
  File "/home/airflow/.local/lib/python3.7/site-packages/airflow/operators/python.py", line 175, in execute
    return_value = self.execute_callable()
  File "/home/airflow/.local/lib/python3.7/site-packages/airflow/operators/python.py", line 192, in execute_callable
    return self.python_callable(*self.op_args, **self.op_kwargs)
  File "/opt/airflow/dags/metadataScrapper.py", line 122, in get_meta_data_for_db_population
    files = get_files_from_goes_bucket("ABI-L1b-RadC")
  File "/opt/airflow/dags/metadataScrapper.py", line 106, in get_files_from_goes_bucket
    session = boto3.Session('s3',region_name='us-east-1', aws_access_key_id=os.environ.get('AWS_ACCESS_KEY'),aws_secret_access_key=os.environ.get('AWS_SECRET_KEY'))
TypeError: __init__() got multiple values for argument 'aws_access_key_id'
[2023-02-23T05:12:16.459+0000] {taskinstance.py:1323} INFO - Marking task as FAILED. dag_id=database_dag, task_id=get_meta_data_for_db_population, execution_date=20230223T051213, start_date=20230223T051216, end_date=20230223T051216
[2023-02-23T05:12:16.474+0000] {standard_task_runner.py:105} ERROR - Failed to execute job 66 for task get_meta_data_for_db_population (__init__() got multiple values for argument 'aws_access_key_id'; 23285)
[2023-02-23T05:12:16.521+0000] {local_task_job.py:208} INFO - Task exited with return code 1
[2023-02-23T05:12:16.563+0000] {taskinstance.py:2578} INFO - 0 downstream tasks scheduled from follow-on schedule check
