[2023-03-02T19:13:13.790+0000] {taskinstance.py:1083} INFO - Dependencies all met for <TaskInstance: metadata_scraper.scrape_nexrad_data manual__2023-03-02T19:13:10.293807+00:00 [queued]>
[2023-03-02T19:13:13.803+0000] {taskinstance.py:1083} INFO - Dependencies all met for <TaskInstance: metadata_scraper.scrape_nexrad_data manual__2023-03-02T19:13:10.293807+00:00 [queued]>
[2023-03-02T19:13:13.811+0000] {taskinstance.py:1279} INFO - 
--------------------------------------------------------------------------------
[2023-03-02T19:13:13.813+0000] {taskinstance.py:1280} INFO - Starting attempt 1 of 1
[2023-03-02T19:13:13.813+0000] {taskinstance.py:1281} INFO - 
--------------------------------------------------------------------------------
[2023-03-02T19:13:13.829+0000] {taskinstance.py:1300} INFO - Executing <Task(PythonOperator): scrape_nexrad_data> on 2023-03-02 19:13:10.293807+00:00
[2023-03-02T19:13:13.838+0000] {standard_task_runner.py:55} INFO - Started process 2947 to run task
[2023-03-02T19:13:13.848+0000] {standard_task_runner.py:82} INFO - Running: ['***', 'tasks', 'run', 'metadata_scraper', 'scrape_nexrad_data', 'manual__2023-03-02T19:13:10.293807+00:00', '--job-id', '32', '--raw', '--subdir', 'DAGS_FOLDER/scrapper.py', '--cfg-path', '/tmp/tmpphtfha49']
[2023-03-02T19:13:13.852+0000] {standard_task_runner.py:83} INFO - Job 32: Subtask scrape_nexrad_data
[2023-03-02T19:13:14.091+0000] {task_command.py:388} INFO - Running <TaskInstance: metadata_scraper.scrape_nexrad_data manual__2023-03-02T19:13:10.293807+00:00 [running]> on host f6e174e28dc0
[2023-03-02T19:13:14.216+0000] {taskinstance.py:1509} INFO - Exporting the following env vars:
AIRFLOW_CTX_DAG_OWNER=Charu Singh
AIRFLOW_CTX_DAG_ID=metadata_scraper
AIRFLOW_CTX_TASK_ID=scrape_nexrad_data
AIRFLOW_CTX_EXECUTION_DATE=2023-03-02T19:13:10.293807+00:00
AIRFLOW_CTX_TRY_NUMBER=1
AIRFLOW_CTX_DAG_RUN_ID=manual__2023-03-02T19:13:10.293807+00:00
[2023-03-02T19:15:39.877+0000] {python.py:177} INFO - Done. Returned value was: None
[2023-03-02T19:15:39.923+0000] {taskinstance.py:1323} INFO - Marking task as SUCCESS. dag_id=metadata_scraper, task_id=scrape_nexrad_data, execution_date=20230302T191310, start_date=20230302T191313, end_date=20230302T191539
[2023-03-02T19:15:40.099+0000] {local_task_job.py:208} INFO - Task exited with return code 0
[2023-03-02T19:15:40.158+0000] {taskinstance.py:2578} INFO - 1 downstream tasks scheduled from follow-on schedule check
