[2023-03-02T19:13:13.776+0000] {taskinstance.py:1083} INFO - Dependencies all met for <TaskInstance: metadata_scraper.fetch_nexrad_stations manual__2023-03-02T19:13:10.293807+00:00 [queued]>
[2023-03-02T19:13:13.790+0000] {taskinstance.py:1083} INFO - Dependencies all met for <TaskInstance: metadata_scraper.fetch_nexrad_stations manual__2023-03-02T19:13:10.293807+00:00 [queued]>
[2023-03-02T19:13:13.795+0000] {taskinstance.py:1279} INFO - 
--------------------------------------------------------------------------------
[2023-03-02T19:13:13.798+0000] {taskinstance.py:1280} INFO - Starting attempt 1 of 1
[2023-03-02T19:13:13.800+0000] {taskinstance.py:1281} INFO - 
--------------------------------------------------------------------------------
[2023-03-02T19:13:13.814+0000] {taskinstance.py:1300} INFO - Executing <Task(PythonOperator): fetch_nexrad_stations> on 2023-03-02 19:13:10.293807+00:00
[2023-03-02T19:13:13.829+0000] {standard_task_runner.py:55} INFO - Started process 2946 to run task
[2023-03-02T19:13:13.835+0000] {standard_task_runner.py:82} INFO - Running: ['***', 'tasks', 'run', 'metadata_scraper', 'fetch_nexrad_stations', 'manual__2023-03-02T19:13:10.293807+00:00', '--job-id', '31', '--raw', '--subdir', 'DAGS_FOLDER/scrapper.py', '--cfg-path', '/tmp/tmp5yohay97']
[2023-03-02T19:13:13.838+0000] {standard_task_runner.py:83} INFO - Job 31: Subtask fetch_nexrad_stations
[2023-03-02T19:13:14.053+0000] {task_command.py:388} INFO - Running <TaskInstance: metadata_scraper.fetch_nexrad_stations manual__2023-03-02T19:13:10.293807+00:00 [running]> on host f6e174e28dc0
[2023-03-02T19:13:14.205+0000] {taskinstance.py:1509} INFO - Exporting the following env vars:
AIRFLOW_CTX_DAG_OWNER=Charu Singh
AIRFLOW_CTX_DAG_ID=metadata_scraper
AIRFLOW_CTX_TASK_ID=fetch_nexrad_stations
AIRFLOW_CTX_EXECUTION_DATE=2023-03-02T19:13:10.293807+00:00
AIRFLOW_CTX_TRY_NUMBER=1
AIRFLOW_CTX_DAG_RUN_ID=manual__2023-03-02T19:13:10.293807+00:00
[2023-03-02T19:13:14.832+0000] {python.py:177} INFO - Done. Returned value was: None
[2023-03-02T19:13:14.859+0000] {taskinstance.py:1323} INFO - Marking task as SUCCESS. dag_id=metadata_scraper, task_id=fetch_nexrad_stations, execution_date=20230302T191310, start_date=20230302T191313, end_date=20230302T191314
[2023-03-02T19:13:14.949+0000] {local_task_job.py:208} INFO - Task exited with return code 0
[2023-03-02T19:13:15.019+0000] {taskinstance.py:2578} INFO - 0 downstream tasks scheduled from follow-on schedule check
