[2023-02-23T05:01:38.960+0000] {taskinstance.py:1083} INFO - Dependencies all met for <TaskInstance: metadata_scraper.upload_data manual__2023-02-23T05:01:32.388322+00:00 [queued]>
[2023-02-23T05:01:38.981+0000] {taskinstance.py:1083} INFO - Dependencies all met for <TaskInstance: metadata_scraper.upload_data manual__2023-02-23T05:01:32.388322+00:00 [queued]>
[2023-02-23T05:01:38.983+0000] {taskinstance.py:1279} INFO - 
--------------------------------------------------------------------------------
[2023-02-23T05:01:38.985+0000] {taskinstance.py:1280} INFO - Starting attempt 1 of 1
[2023-02-23T05:01:38.986+0000] {taskinstance.py:1281} INFO - 
--------------------------------------------------------------------------------
[2023-02-23T05:01:38.999+0000] {taskinstance.py:1300} INFO - Executing <Task(PythonOperator): upload_data> on 2023-02-23 05:01:32.388322+00:00
[2023-02-23T05:01:39.015+0000] {standard_task_runner.py:55} INFO - Started process 22648 to run task
[2023-02-23T05:01:39.021+0000] {standard_task_runner.py:82} INFO - Running: ['***', 'tasks', 'run', 'metadata_scraper', 'upload_data', 'manual__2023-02-23T05:01:32.388322+00:00', '--job-id', '65', '--raw', '--subdir', 'DAGS_FOLDER/metadataScrapper.py', '--cfg-path', '/tmp/tmp6xdzg67f']
[2023-02-23T05:01:39.027+0000] {standard_task_runner.py:83} INFO - Job 65: Subtask upload_data
[2023-02-23T05:01:39.131+0000] {task_command.py:388} INFO - Running <TaskInstance: metadata_scraper.upload_data manual__2023-02-23T05:01:32.388322+00:00 [running]> on host fd37b4f3bb6b
[2023-02-23T05:01:39.382+0000] {taskinstance.py:1509} INFO - Exporting the following env vars:
AIRFLOW_CTX_DAG_OWNER=Charu Singh
AIRFLOW_CTX_DAG_ID=metadata_scraper
AIRFLOW_CTX_TASK_ID=upload_data
AIRFLOW_CTX_EXECUTION_DATE=2023-02-23T05:01:32.388322+00:00
AIRFLOW_CTX_TRY_NUMBER=1
AIRFLOW_CTX_DAG_RUN_ID=manual__2023-02-23T05:01:32.388322+00:00
[2023-02-23T05:01:40.910+0000] {python.py:177} INFO - Done. Returned value was: None
[2023-02-23T05:01:40.951+0000] {taskinstance.py:1323} INFO - Marking task as SUCCESS. dag_id=metadata_scraper, task_id=upload_data, execution_date=20230223T050132, start_date=20230223T050138, end_date=20230223T050140
[2023-02-23T05:01:41.127+0000] {local_task_job.py:208} INFO - Task exited with return code 0
[2023-02-23T05:01:41.183+0000] {taskinstance.py:2578} INFO - 0 downstream tasks scheduled from follow-on schedule check
