[2023-02-23T01:56:29.607+0000] {taskinstance.py:1083} INFO - Dependencies all met for <TaskInstance: s3_scraper.scrape_data manual__2023-02-23T01:56:27.398385+00:00 [queued]>
[2023-02-23T01:56:29.616+0000] {taskinstance.py:1083} INFO - Dependencies all met for <TaskInstance: s3_scraper.scrape_data manual__2023-02-23T01:56:27.398385+00:00 [queued]>
[2023-02-23T01:56:29.617+0000] {taskinstance.py:1279} INFO - 
--------------------------------------------------------------------------------
[2023-02-23T01:56:29.618+0000] {taskinstance.py:1280} INFO - Starting attempt 1 of 2
[2023-02-23T01:56:29.618+0000] {taskinstance.py:1281} INFO - 
--------------------------------------------------------------------------------
[2023-02-23T01:56:29.626+0000] {taskinstance.py:1300} INFO - Executing <Task(PythonOperator): scrape_data> on 2023-02-23 01:56:27.398385+00:00
[2023-02-23T01:56:29.642+0000] {standard_task_runner.py:55} INFO - Started process 15359 to run task
[2023-02-23T01:56:29.648+0000] {standard_task_runner.py:82} INFO - Running: ['***', 'tasks', 'run', 's3_scraper', 'scrape_data', 'manual__2023-02-23T01:56:27.398385+00:00', '--job-id', '34', '--raw', '--subdir', 'DAGS_FOLDER/metadataScrapper.py', '--cfg-path', '/tmp/tmpimvxp47t']
[2023-02-23T01:56:29.652+0000] {standard_task_runner.py:83} INFO - Job 34: Subtask scrape_data
[2023-02-23T01:56:29.727+0000] {task_command.py:388} INFO - Running <TaskInstance: s3_scraper.scrape_data manual__2023-02-23T01:56:27.398385+00:00 [running]> on host fd37b4f3bb6b
[2023-02-23T01:56:29.791+0000] {taskinstance.py:1509} INFO - Exporting the following env vars:
AIRFLOW_CTX_DAG_OWNER=Charu Singh
AIRFLOW_CTX_DAG_ID=s3_scraper
AIRFLOW_CTX_TASK_ID=scrape_data
AIRFLOW_CTX_EXECUTION_DATE=2023-02-23T01:56:27.398385+00:00
AIRFLOW_CTX_TRY_NUMBER=1
AIRFLOW_CTX_DAG_RUN_ID=manual__2023-02-23T01:56:27.398385+00:00
[2023-02-23T01:56:29.845+0000] {python.py:177} INFO - Done. Returned value was: None
[2023-02-23T01:56:29.855+0000] {taskinstance.py:1323} INFO - Marking task as SUCCESS. dag_id=s3_scraper, task_id=scrape_data, execution_date=20230223T015627, start_date=20230223T015629, end_date=20230223T015629
[2023-02-23T01:56:29.902+0000] {local_task_job.py:208} INFO - Task exited with return code 0
[2023-02-23T01:56:29.920+0000] {taskinstance.py:2578} INFO - 1 downstream tasks scheduled from follow-on schedule check
