[2023-02-23T03:06:16.549+0000] {taskinstance.py:1083} INFO - Dependencies all met for <TaskInstance: metadata_scraper.scrape_nexrad_data manual__2023-02-23T03:06:12.154877+00:00 [queued]>
[2023-02-23T03:06:16.562+0000] {taskinstance.py:1083} INFO - Dependencies all met for <TaskInstance: metadata_scraper.scrape_nexrad_data manual__2023-02-23T03:06:12.154877+00:00 [queued]>
[2023-02-23T03:06:16.563+0000] {taskinstance.py:1279} INFO - 
--------------------------------------------------------------------------------
[2023-02-23T03:06:16.566+0000] {taskinstance.py:1280} INFO - Starting attempt 1 of 2
[2023-02-23T03:06:16.568+0000] {taskinstance.py:1281} INFO - 
--------------------------------------------------------------------------------
[2023-02-23T03:06:16.579+0000] {taskinstance.py:1300} INFO - Executing <Task(PythonOperator): scrape_nexrad_data> on 2023-02-23 03:06:12.154877+00:00
[2023-02-23T03:06:16.589+0000] {standard_task_runner.py:55} INFO - Started process 19642 to run task
[2023-02-23T03:06:16.598+0000] {standard_task_runner.py:82} INFO - Running: ['***', 'tasks', 'run', 'metadata_scraper', 'scrape_nexrad_data', 'manual__2023-02-23T03:06:12.154877+00:00', '--job-id', '42', '--raw', '--subdir', 'DAGS_FOLDER/metadataScrapper.py', '--cfg-path', '/tmp/tmp8f1carr1']
[2023-02-23T03:06:16.599+0000] {standard_task_runner.py:83} INFO - Job 42: Subtask scrape_nexrad_data
[2023-02-23T03:06:16.765+0000] {task_command.py:388} INFO - Running <TaskInstance: metadata_scraper.scrape_nexrad_data manual__2023-02-23T03:06:12.154877+00:00 [running]> on host fd37b4f3bb6b
[2023-02-23T03:06:16.958+0000] {taskinstance.py:1509} INFO - Exporting the following env vars:
AIRFLOW_CTX_DAG_OWNER=Charu Singh
AIRFLOW_CTX_DAG_ID=metadata_scraper
AIRFLOW_CTX_TASK_ID=scrape_nexrad_data
AIRFLOW_CTX_EXECUTION_DATE=2023-02-23T03:06:12.154877+00:00
AIRFLOW_CTX_TRY_NUMBER=1
AIRFLOW_CTX_DAG_RUN_ID=manual__2023-02-23T03:06:12.154877+00:00
[2023-02-23T03:06:17.289+0000] {python.py:177} INFO - Done. Returned value was: None
[2023-02-23T03:06:17.324+0000] {taskinstance.py:1323} INFO - Marking task as SUCCESS. dag_id=metadata_scraper, task_id=scrape_nexrad_data, execution_date=20230223T030612, start_date=20230223T030616, end_date=20230223T030617
[2023-02-23T03:06:17.422+0000] {local_task_job.py:208} INFO - Task exited with return code 0
[2023-02-23T03:06:17.469+0000] {taskinstance.py:2578} INFO - 0 downstream tasks scheduled from follow-on schedule check
