[2023-03-02T00:40:44.790+0000] {taskinstance.py:1083} INFO - Dependencies all met for <TaskInstance: metadata_scraper.scrape_goes_data manual__2023-03-02T00:40:42.436215+00:00 [queued]>
[2023-03-02T00:40:44.799+0000] {taskinstance.py:1083} INFO - Dependencies all met for <TaskInstance: metadata_scraper.scrape_goes_data manual__2023-03-02T00:40:42.436215+00:00 [queued]>
[2023-03-02T00:40:44.800+0000] {taskinstance.py:1279} INFO - 
--------------------------------------------------------------------------------
[2023-03-02T00:40:44.801+0000] {taskinstance.py:1280} INFO - Starting attempt 1 of 1
[2023-03-02T00:40:44.802+0000] {taskinstance.py:1281} INFO - 
--------------------------------------------------------------------------------
[2023-03-02T00:40:44.817+0000] {taskinstance.py:1300} INFO - Executing <Task(PythonOperator): scrape_goes_data> on 2023-03-02 00:40:42.436215+00:00
[2023-03-02T00:40:44.849+0000] {standard_task_runner.py:55} INFO - Started process 352 to run task
[2023-03-02T00:40:44.854+0000] {standard_task_runner.py:82} INFO - Running: ['***', 'tasks', 'run', 'metadata_scraper', 'scrape_goes_data', 'manual__2023-03-02T00:40:42.436215+00:00', '--job-id', '13', '--raw', '--subdir', 'DAGS_FOLDER/scrapper.py', '--cfg-path', '/tmp/tmpim8ezszb']
[2023-03-02T00:40:44.857+0000] {standard_task_runner.py:83} INFO - Job 13: Subtask scrape_goes_data
[2023-03-02T00:40:44.934+0000] {task_command.py:388} INFO - Running <TaskInstance: metadata_scraper.scrape_goes_data manual__2023-03-02T00:40:42.436215+00:00 [running]> on host e05f699ebc35
[2023-03-02T00:40:44.995+0000] {taskinstance.py:1509} INFO - Exporting the following env vars:
AIRFLOW_CTX_DAG_OWNER=Charu Singh
AIRFLOW_CTX_DAG_ID=metadata_scraper
AIRFLOW_CTX_TASK_ID=scrape_goes_data
AIRFLOW_CTX_EXECUTION_DATE=2023-03-02T00:40:42.436215+00:00
AIRFLOW_CTX_TRY_NUMBER=1
AIRFLOW_CTX_DAG_RUN_ID=manual__2023-03-02T00:40:42.436215+00:00
[2023-03-02T00:41:03.049+0000] {taskinstance.py:1768} ERROR - Task failed with exception
Traceback (most recent call last):
  File "/home/airflow/.local/lib/python3.7/site-packages/airflow/operators/python.py", line 175, in execute
    return_value = self.execute_callable()
  File "/home/airflow/.local/lib/python3.7/site-packages/airflow/operators/python.py", line 192, in execute_callable
    return self.python_callable(*self.op_args, **self.op_kwargs)
  File "/opt/airflow/dags/scrapper.py", line 79, in GOES_scrap_load
    (row['id'], row['product'], row['year'], row['day'], row['hour']))
TypeError: tuple indices must be integers or slices, not str
[2023-03-02T00:41:03.113+0000] {taskinstance.py:1323} INFO - Marking task as FAILED. dag_id=metadata_scraper, task_id=scrape_goes_data, execution_date=20230302T004042, start_date=20230302T004044, end_date=20230302T004103
[2023-03-02T00:41:03.148+0000] {standard_task_runner.py:105} ERROR - Failed to execute job 13 for task scrape_goes_data (tuple indices must be integers or slices, not str; 352)
[2023-03-02T00:41:03.209+0000] {local_task_job.py:208} INFO - Task exited with return code 1
[2023-03-02T00:41:03.248+0000] {taskinstance.py:2578} INFO - 0 downstream tasks scheduled from follow-on schedule check
