[2023-02-22T23:54:23.825+0000] {taskinstance.py:1083} INFO - Dependencies all met for <TaskInstance: scrap_metadata.extract_nexrad_metadata manual__2023-02-22T23:54:21.529312+00:00 [queued]>
[2023-02-22T23:54:23.832+0000] {taskinstance.py:1083} INFO - Dependencies all met for <TaskInstance: scrap_metadata.extract_nexrad_metadata manual__2023-02-22T23:54:21.529312+00:00 [queued]>
[2023-02-22T23:54:23.833+0000] {taskinstance.py:1279} INFO - 
--------------------------------------------------------------------------------
[2023-02-22T23:54:23.834+0000] {taskinstance.py:1280} INFO - Starting attempt 1 of 1
[2023-02-22T23:54:23.834+0000] {taskinstance.py:1281} INFO - 
--------------------------------------------------------------------------------
[2023-02-22T23:54:23.843+0000] {taskinstance.py:1300} INFO - Executing <Task(BashOperator): extract_nexrad_metadata> on 2023-02-22 23:54:21.529312+00:00
[2023-02-22T23:54:23.849+0000] {standard_task_runner.py:55} INFO - Started process 9566 to run task
[2023-02-22T23:54:23.853+0000] {standard_task_runner.py:82} INFO - Running: ['***', 'tasks', 'run', 'scrap_metadata', 'extract_nexrad_metadata', 'manual__2023-02-22T23:54:21.529312+00:00', '--job-id', '21', '--raw', '--subdir', 'DAGS_FOLDER/schedule.py', '--cfg-path', '/tmp/tmp45jy8zqa']
[2023-02-22T23:54:23.855+0000] {standard_task_runner.py:83} INFO - Job 21: Subtask extract_nexrad_metadata
[2023-02-22T23:54:23.911+0000] {task_command.py:388} INFO - Running <TaskInstance: scrap_metadata.extract_nexrad_metadata manual__2023-02-22T23:54:21.529312+00:00 [running]> on host fd37b4f3bb6b
[2023-02-22T23:54:23.967+0000] {taskinstance.py:1509} INFO - Exporting the following env vars:
AIRFLOW_CTX_DAG_OWNER=Charu Singh
AIRFLOW_CTX_DAG_ID=scrap_metadata
AIRFLOW_CTX_TASK_ID=extract_nexrad_metadata
AIRFLOW_CTX_EXECUTION_DATE=2023-02-22T23:54:21.529312+00:00
AIRFLOW_CTX_TRY_NUMBER=1
AIRFLOW_CTX_DAG_RUN_ID=manual__2023-02-22T23:54:21.529312+00:00
[2023-02-22T23:54:23.969+0000] {subprocess.py:63} INFO - Tmp dir root location: 
 /tmp
[2023-02-22T23:54:23.971+0000] {subprocess.py:75} INFO - Running command: ['/bin/bash', '-c', 'python3 /opt/***/dags/../../aws_nexrad.py']
[2023-02-22T23:54:23.989+0000] {subprocess.py:86} INFO - Output:
[2023-02-22T23:54:24.042+0000] {subprocess.py:93} INFO - python3: can't open file '/opt/***/dags/../../aws_nexrad.py': [Errno 2] No such file or directory
[2023-02-22T23:54:24.047+0000] {subprocess.py:97} INFO - Command exited with return code 2
[2023-02-22T23:54:24.060+0000] {taskinstance.py:1768} ERROR - Task failed with exception
Traceback (most recent call last):
  File "/home/airflow/.local/lib/python3.7/site-packages/airflow/operators/bash.py", line 197, in execute
    f"Bash command failed. The command returned a non-zero exit code {result.exit_code}."
airflow.exceptions.AirflowException: Bash command failed. The command returned a non-zero exit code 2.
[2023-02-22T23:54:24.068+0000] {taskinstance.py:1323} INFO - Marking task as FAILED. dag_id=scrap_metadata, task_id=extract_nexrad_metadata, execution_date=20230222T235421, start_date=20230222T235423, end_date=20230222T235424
[2023-02-22T23:54:24.079+0000] {standard_task_runner.py:105} ERROR - Failed to execute job 21 for task extract_nexrad_metadata (Bash command failed. The command returned a non-zero exit code 2.; 9566)
[2023-02-22T23:54:24.105+0000] {local_task_job.py:208} INFO - Task exited with return code 1
[2023-02-22T23:54:24.130+0000] {taskinstance.py:2578} INFO - 0 downstream tasks scheduled from follow-on schedule check
