[2023-02-22T23:55:25.846+0000] {taskinstance.py:1083} INFO - Dependencies all met for <TaskInstance: scrap_metadata.extract_nexrad_metadata manual__2023-02-22T23:55:23.832767+00:00 [queued]>
[2023-02-22T23:55:25.852+0000] {taskinstance.py:1083} INFO - Dependencies all met for <TaskInstance: scrap_metadata.extract_nexrad_metadata manual__2023-02-22T23:55:23.832767+00:00 [queued]>
[2023-02-22T23:55:25.853+0000] {taskinstance.py:1279} INFO - 
--------------------------------------------------------------------------------
[2023-02-22T23:55:25.854+0000] {taskinstance.py:1280} INFO - Starting attempt 1 of 1
[2023-02-22T23:55:25.855+0000] {taskinstance.py:1281} INFO - 
--------------------------------------------------------------------------------
[2023-02-22T23:55:25.863+0000] {taskinstance.py:1300} INFO - Executing <Task(BashOperator): extract_nexrad_metadata> on 2023-02-22 23:55:23.832767+00:00
[2023-02-22T23:55:25.868+0000] {standard_task_runner.py:55} INFO - Started process 9644 to run task
[2023-02-22T23:55:25.872+0000] {standard_task_runner.py:82} INFO - Running: ['***', 'tasks', 'run', 'scrap_metadata', 'extract_nexrad_metadata', 'manual__2023-02-22T23:55:23.832767+00:00', '--job-id', '23', '--raw', '--subdir', 'DAGS_FOLDER/schedule.py', '--cfg-path', '/tmp/tmp52zh517q']
[2023-02-22T23:55:25.875+0000] {standard_task_runner.py:83} INFO - Job 23: Subtask extract_nexrad_metadata
[2023-02-22T23:55:25.943+0000] {task_command.py:388} INFO - Running <TaskInstance: scrap_metadata.extract_nexrad_metadata manual__2023-02-22T23:55:23.832767+00:00 [running]> on host fd37b4f3bb6b
[2023-02-22T23:55:25.993+0000] {taskinstance.py:1509} INFO - Exporting the following env vars:
AIRFLOW_CTX_DAG_OWNER=Charu Singh
AIRFLOW_CTX_DAG_ID=scrap_metadata
AIRFLOW_CTX_TASK_ID=extract_nexrad_metadata
AIRFLOW_CTX_EXECUTION_DATE=2023-02-22T23:55:23.832767+00:00
AIRFLOW_CTX_TRY_NUMBER=1
AIRFLOW_CTX_DAG_RUN_ID=manual__2023-02-22T23:55:23.832767+00:00
[2023-02-22T23:55:25.995+0000] {subprocess.py:63} INFO - Tmp dir root location: 
 /tmp
[2023-02-22T23:55:25.996+0000] {subprocess.py:75} INFO - Running command: ['/bin/bash', '-c', 'python3 /opt/aws_nexrad.py']
[2023-02-22T23:55:26.013+0000] {subprocess.py:86} INFO - Output:
[2023-02-22T23:55:26.066+0000] {subprocess.py:93} INFO - python3: can't open file '/opt/aws_nexrad.py': [Errno 2] No such file or directory
[2023-02-22T23:55:26.069+0000] {subprocess.py:97} INFO - Command exited with return code 2
[2023-02-22T23:55:26.081+0000] {taskinstance.py:1768} ERROR - Task failed with exception
Traceback (most recent call last):
  File "/home/airflow/.local/lib/python3.7/site-packages/airflow/operators/bash.py", line 197, in execute
    f"Bash command failed. The command returned a non-zero exit code {result.exit_code}."
airflow.exceptions.AirflowException: Bash command failed. The command returned a non-zero exit code 2.
[2023-02-22T23:55:26.085+0000] {taskinstance.py:1323} INFO - Marking task as FAILED. dag_id=scrap_metadata, task_id=extract_nexrad_metadata, execution_date=20230222T235523, start_date=20230222T235525, end_date=20230222T235526
[2023-02-22T23:55:26.096+0000] {standard_task_runner.py:105} ERROR - Failed to execute job 23 for task extract_nexrad_metadata (Bash command failed. The command returned a non-zero exit code 2.; 9644)
[2023-02-22T23:55:26.125+0000] {local_task_job.py:208} INFO - Task exited with return code 1
[2023-02-22T23:55:26.141+0000] {taskinstance.py:2578} INFO - 0 downstream tasks scheduled from follow-on schedule check
