[2023-03-02T19:02:33.080+0000] {taskinstance.py:1083} INFO - Dependencies all met for <TaskInstance: metadata_scraper.scrape_nexrad_data manual__2023-03-02T19:02:29.662309+00:00 [queued]>
[2023-03-02T19:02:33.101+0000] {taskinstance.py:1083} INFO - Dependencies all met for <TaskInstance: metadata_scraper.scrape_nexrad_data manual__2023-03-02T19:02:29.662309+00:00 [queued]>
[2023-03-02T19:02:33.102+0000] {taskinstance.py:1279} INFO - 
--------------------------------------------------------------------------------
[2023-03-02T19:02:33.104+0000] {taskinstance.py:1280} INFO - Starting attempt 1 of 1
[2023-03-02T19:02:33.106+0000] {taskinstance.py:1281} INFO - 
--------------------------------------------------------------------------------
[2023-03-02T19:02:33.132+0000] {taskinstance.py:1300} INFO - Executing <Task(PythonOperator): scrape_nexrad_data> on 2023-03-02 19:02:29.662309+00:00
[2023-03-02T19:02:33.162+0000] {standard_task_runner.py:55} INFO - Started process 2301 to run task
[2023-03-02T19:02:33.188+0000] {standard_task_runner.py:82} INFO - Running: ['***', 'tasks', 'run', 'metadata_scraper', 'scrape_nexrad_data', 'manual__2023-03-02T19:02:29.662309+00:00', '--job-id', '26', '--raw', '--subdir', 'DAGS_FOLDER/scrapper.py', '--cfg-path', '/tmp/tmpxflru0e2']
[2023-03-02T19:02:33.193+0000] {standard_task_runner.py:83} INFO - Job 26: Subtask scrape_nexrad_data
[2023-03-02T19:02:33.319+0000] {task_command.py:388} INFO - Running <TaskInstance: metadata_scraper.scrape_nexrad_data manual__2023-03-02T19:02:29.662309+00:00 [running]> on host f6e174e28dc0
[2023-03-02T19:02:33.530+0000] {taskinstance.py:1509} INFO - Exporting the following env vars:
AIRFLOW_CTX_DAG_OWNER=Charu Singh
AIRFLOW_CTX_DAG_ID=metadata_scraper
AIRFLOW_CTX_TASK_ID=scrape_nexrad_data
AIRFLOW_CTX_EXECUTION_DATE=2023-03-02T19:02:29.662309+00:00
AIRFLOW_CTX_TRY_NUMBER=1
AIRFLOW_CTX_DAG_RUN_ID=manual__2023-03-02T19:02:29.662309+00:00
[2023-03-02T19:05:13.159+0000] {python.py:177} INFO - Done. Returned value was: None
[2023-03-02T19:05:13.207+0000] {taskinstance.py:1323} INFO - Marking task as SUCCESS. dag_id=metadata_scraper, task_id=scrape_nexrad_data, execution_date=20230302T190229, start_date=20230302T190233, end_date=20230302T190513
[2023-03-02T19:05:13.332+0000] {local_task_job.py:208} INFO - Task exited with return code 0
[2023-03-02T19:05:13.361+0000] {taskinstance.py:2578} INFO - 0 downstream tasks scheduled from follow-on schedule check
