[2023-03-02T02:12:51.595+0000] {taskinstance.py:1083} INFO - Dependencies all met for <TaskInstance: metadata_scraper.scrape_nexrad_data manual__2023-03-02T02:12:47.845998+00:00 [queued]>
[2023-03-02T02:12:51.632+0000] {taskinstance.py:1083} INFO - Dependencies all met for <TaskInstance: metadata_scraper.scrape_nexrad_data manual__2023-03-02T02:12:47.845998+00:00 [queued]>
[2023-03-02T02:12:51.638+0000] {taskinstance.py:1279} INFO - 
--------------------------------------------------------------------------------
[2023-03-02T02:12:51.641+0000] {taskinstance.py:1280} INFO - Starting attempt 1 of 1
[2023-03-02T02:12:51.644+0000] {taskinstance.py:1281} INFO - 
--------------------------------------------------------------------------------
[2023-03-02T02:12:51.676+0000] {taskinstance.py:1300} INFO - Executing <Task(PythonOperator): scrape_nexrad_data> on 2023-03-02 02:12:47.845998+00:00
[2023-03-02T02:12:51.692+0000] {standard_task_runner.py:55} INFO - Started process 442 to run task
[2023-03-02T02:12:51.710+0000] {standard_task_runner.py:82} INFO - Running: ['***', 'tasks', 'run', 'metadata_scraper', 'scrape_nexrad_data', 'manual__2023-03-02T02:12:47.845998+00:00', '--job-id', '5', '--raw', '--subdir', 'DAGS_FOLDER/scrapper.py', '--cfg-path', '/tmp/tmpgykjy9n3']
[2023-03-02T02:12:51.721+0000] {standard_task_runner.py:83} INFO - Job 5: Subtask scrape_nexrad_data
[2023-03-02T02:12:52.002+0000] {task_command.py:388} INFO - Running <TaskInstance: metadata_scraper.scrape_nexrad_data manual__2023-03-02T02:12:47.845998+00:00 [running]> on host 5d83bf79023b
[2023-03-02T02:12:52.306+0000] {taskinstance.py:1509} INFO - Exporting the following env vars:
AIRFLOW_CTX_DAG_OWNER=Charu Singh
AIRFLOW_CTX_DAG_ID=metadata_scraper
AIRFLOW_CTX_TASK_ID=scrape_nexrad_data
AIRFLOW_CTX_EXECUTION_DATE=2023-03-02T02:12:47.845998+00:00
AIRFLOW_CTX_TRY_NUMBER=1
AIRFLOW_CTX_DAG_RUN_ID=manual__2023-03-02T02:12:47.845998+00:00
[2023-03-02T02:14:51.711+0000] {python.py:177} INFO - Done. Returned value was: None
[2023-03-02T02:14:51.774+0000] {taskinstance.py:1323} INFO - Marking task as SUCCESS. dag_id=metadata_scraper, task_id=scrape_nexrad_data, execution_date=20230302T021247, start_date=20230302T021251, end_date=20230302T021451
[2023-03-02T02:14:51.903+0000] {local_task_job.py:208} INFO - Task exited with return code 0
[2023-03-02T02:14:51.974+0000] {taskinstance.py:2578} INFO - 1 downstream tasks scheduled from follow-on schedule check
