[2023-02-23T18:40:00.347+0000] {taskinstance.py:1083} INFO - Dependencies all met for <TaskInstance: metadata_scraper.scrape_nexrad_data manual__2023-02-23T18:39:58.127271+00:00 [queued]>
[2023-02-23T18:40:00.354+0000] {taskinstance.py:1083} INFO - Dependencies all met for <TaskInstance: metadata_scraper.scrape_nexrad_data manual__2023-02-23T18:39:58.127271+00:00 [queued]>
[2023-02-23T18:40:00.355+0000] {taskinstance.py:1279} INFO - 
--------------------------------------------------------------------------------
[2023-02-23T18:40:00.356+0000] {taskinstance.py:1280} INFO - Starting attempt 1 of 1
[2023-02-23T18:40:00.357+0000] {taskinstance.py:1281} INFO - 
--------------------------------------------------------------------------------
[2023-02-23T18:40:00.366+0000] {taskinstance.py:1300} INFO - Executing <Task(PythonOperator): scrape_nexrad_data> on 2023-02-23 18:39:58.127271+00:00
[2023-02-23T18:40:00.372+0000] {standard_task_runner.py:55} INFO - Started process 723 to run task
[2023-02-23T18:40:00.376+0000] {standard_task_runner.py:82} INFO - Running: ['***', 'tasks', 'run', 'metadata_scraper', 'scrape_nexrad_data', 'manual__2023-02-23T18:39:58.127271+00:00', '--job-id', '77', '--raw', '--subdir', 'DAGS_FOLDER/metadataScrapper.py', '--cfg-path', '/tmp/tmp5skzyk2h']
[2023-02-23T18:40:00.379+0000] {standard_task_runner.py:83} INFO - Job 77: Subtask scrape_nexrad_data
[2023-02-23T18:40:00.440+0000] {task_command.py:388} INFO - Running <TaskInstance: metadata_scraper.scrape_nexrad_data manual__2023-02-23T18:39:58.127271+00:00 [running]> on host a63d292ab6ab
[2023-02-23T18:40:00.491+0000] {taskinstance.py:1509} INFO - Exporting the following env vars:
AIRFLOW_CTX_DAG_OWNER=Charu Singh
AIRFLOW_CTX_DAG_ID=metadata_scraper
AIRFLOW_CTX_TASK_ID=scrape_nexrad_data
AIRFLOW_CTX_EXECUTION_DATE=2023-02-23T18:39:58.127271+00:00
AIRFLOW_CTX_TRY_NUMBER=1
AIRFLOW_CTX_DAG_RUN_ID=manual__2023-02-23T18:39:58.127271+00:00
[2023-02-23T18:40:00.494+0000] {taskinstance.py:1768} ERROR - Task failed with exception
Traceback (most recent call last):
  File "/home/airflow/.local/lib/python3.7/site-packages/airflow/operators/python.py", line 175, in execute
    return_value = self.execute_callable()
  File "/home/airflow/.local/lib/python3.7/site-packages/airflow/operators/python.py", line 192, in execute_callable
    return self.python_callable(*self.op_args, **self.op_kwargs)
TypeError: nexrad_data() missing 1 required positional argument: 'prefix'
[2023-02-23T18:40:00.509+0000] {taskinstance.py:1323} INFO - Marking task as FAILED. dag_id=metadata_scraper, task_id=scrape_nexrad_data, execution_date=20230223T183958, start_date=20230223T184000, end_date=20230223T184000
[2023-02-23T18:40:00.528+0000] {standard_task_runner.py:105} ERROR - Failed to execute job 77 for task scrape_nexrad_data (nexrad_data() missing 1 required positional argument: 'prefix'; 723)
[2023-02-23T18:40:00.547+0000] {local_task_job.py:208} INFO - Task exited with return code 1
[2023-02-23T18:40:00.566+0000] {taskinstance.py:2578} INFO - 0 downstream tasks scheduled from follow-on schedule check
