[2023-03-02T02:24:21.496+0000] {taskinstance.py:1083} INFO - Dependencies all met for <TaskInstance: metadata_scraper.scrape_nexrad_data manual__2023-03-02T02:24:15.589228+00:00 [queued]>
[2023-03-02T02:24:21.505+0000] {taskinstance.py:1083} INFO - Dependencies all met for <TaskInstance: metadata_scraper.scrape_nexrad_data manual__2023-03-02T02:24:15.589228+00:00 [queued]>
[2023-03-02T02:24:21.507+0000] {taskinstance.py:1279} INFO - 
--------------------------------------------------------------------------------
[2023-03-02T02:24:21.508+0000] {taskinstance.py:1280} INFO - Starting attempt 1 of 1
[2023-03-02T02:24:21.509+0000] {taskinstance.py:1281} INFO - 
--------------------------------------------------------------------------------
[2023-03-02T02:24:21.526+0000] {taskinstance.py:1300} INFO - Executing <Task(PythonOperator): scrape_nexrad_data> on 2023-03-02 02:24:15.589228+00:00
[2023-03-02T02:24:21.548+0000] {standard_task_runner.py:55} INFO - Started process 1121 to run task
[2023-03-02T02:24:21.558+0000] {standard_task_runner.py:82} INFO - Running: ['***', 'tasks', 'run', 'metadata_scraper', 'scrape_nexrad_data', 'manual__2023-03-02T02:24:15.589228+00:00', '--job-id', '8', '--raw', '--subdir', 'DAGS_FOLDER/scrapper.py', '--cfg-path', '/tmp/tmpkimasc8j']
[2023-03-02T02:24:21.564+0000] {standard_task_runner.py:83} INFO - Job 8: Subtask scrape_nexrad_data
[2023-03-02T02:24:21.671+0000] {task_command.py:388} INFO - Running <TaskInstance: metadata_scraper.scrape_nexrad_data manual__2023-03-02T02:24:15.589228+00:00 [running]> on host 5d83bf79023b
[2023-03-02T02:24:21.750+0000] {taskinstance.py:1509} INFO - Exporting the following env vars:
AIRFLOW_CTX_DAG_OWNER=Charu Singh
AIRFLOW_CTX_DAG_ID=metadata_scraper
AIRFLOW_CTX_TASK_ID=scrape_nexrad_data
AIRFLOW_CTX_EXECUTION_DATE=2023-03-02T02:24:15.589228+00:00
AIRFLOW_CTX_TRY_NUMBER=1
AIRFLOW_CTX_DAG_RUN_ID=manual__2023-03-02T02:24:15.589228+00:00
[2023-03-02T02:26:27.392+0000] {python.py:177} INFO - Done. Returned value was: None
[2023-03-02T02:26:27.435+0000] {taskinstance.py:1323} INFO - Marking task as SUCCESS. dag_id=metadata_scraper, task_id=scrape_nexrad_data, execution_date=20230302T022415, start_date=20230302T022421, end_date=20230302T022627
[2023-03-02T02:26:27.536+0000] {local_task_job.py:208} INFO - Task exited with return code 0
[2023-03-02T02:26:27.585+0000] {taskinstance.py:2578} INFO - 1 downstream tasks scheduled from follow-on schedule check
