[2023-02-23T18:42:31.031+0000] {taskinstance.py:1083} INFO - Dependencies all met for <TaskInstance: metadata_scraper.scrape_nexrad_data manual__2023-02-23T18:42:26.458361+00:00 [queued]>
[2023-02-23T18:42:31.041+0000] {taskinstance.py:1083} INFO - Dependencies all met for <TaskInstance: metadata_scraper.scrape_nexrad_data manual__2023-02-23T18:42:26.458361+00:00 [queued]>
[2023-02-23T18:42:31.043+0000] {taskinstance.py:1279} INFO - 
--------------------------------------------------------------------------------
[2023-02-23T18:42:31.048+0000] {taskinstance.py:1280} INFO - Starting attempt 1 of 1
[2023-02-23T18:42:31.049+0000] {taskinstance.py:1281} INFO - 
--------------------------------------------------------------------------------
[2023-02-23T18:42:31.061+0000] {taskinstance.py:1300} INFO - Executing <Task(PythonOperator): scrape_nexrad_data> on 2023-02-23 18:42:26.458361+00:00
[2023-02-23T18:42:31.079+0000] {standard_task_runner.py:55} INFO - Started process 885 to run task
[2023-02-23T18:42:31.085+0000] {standard_task_runner.py:82} INFO - Running: ['***', 'tasks', 'run', 'metadata_scraper', 'scrape_nexrad_data', 'manual__2023-02-23T18:42:26.458361+00:00', '--job-id', '79', '--raw', '--subdir', 'DAGS_FOLDER/metadataScrapper.py', '--cfg-path', '/tmp/tmpz4yqcek6']
[2023-02-23T18:42:31.089+0000] {standard_task_runner.py:83} INFO - Job 79: Subtask scrape_nexrad_data
[2023-02-23T18:42:31.179+0000] {task_command.py:388} INFO - Running <TaskInstance: metadata_scraper.scrape_nexrad_data manual__2023-02-23T18:42:26.458361+00:00 [running]> on host a63d292ab6ab
[2023-02-23T18:42:31.236+0000] {taskinstance.py:1509} INFO - Exporting the following env vars:
AIRFLOW_CTX_DAG_OWNER=Charu Singh
AIRFLOW_CTX_DAG_ID=metadata_scraper
AIRFLOW_CTX_TASK_ID=scrape_nexrad_data
AIRFLOW_CTX_EXECUTION_DATE=2023-02-23T18:42:26.458361+00:00
AIRFLOW_CTX_TRY_NUMBER=1
AIRFLOW_CTX_DAG_RUN_ID=manual__2023-02-23T18:42:26.458361+00:00
[2023-02-23T18:42:31.239+0000] {taskinstance.py:1768} ERROR - Task failed with exception
Traceback (most recent call last):
  File "/home/airflow/.local/lib/python3.7/site-packages/airflow/operators/python.py", line 175, in execute
    return_value = self.execute_callable()
  File "/home/airflow/.local/lib/python3.7/site-packages/airflow/operators/python.py", line 192, in execute_callable
    return self.python_callable(*self.op_args, **self.op_kwargs)
  File "/opt/airflow/dags/metadataScrapper.py", line 89, in nexrad_data
    result = s3client.list_objects(Bucket=os.environ.get(
NameError: name 's3client' is not defined
[2023-02-23T18:42:31.254+0000] {taskinstance.py:1323} INFO - Marking task as FAILED. dag_id=metadata_scraper, task_id=scrape_nexrad_data, execution_date=20230223T184226, start_date=20230223T184231, end_date=20230223T184231
[2023-02-23T18:42:31.264+0000] {standard_task_runner.py:105} ERROR - Failed to execute job 79 for task scrape_nexrad_data (name 's3client' is not defined; 885)
[2023-02-23T18:42:31.296+0000] {local_task_job.py:208} INFO - Task exited with return code 1
[2023-02-23T18:42:31.312+0000] {taskinstance.py:2578} INFO - 0 downstream tasks scheduled from follow-on schedule check
