[2023-02-23T18:42:28.464+0000] {taskinstance.py:1083} INFO - Dependencies all met for <TaskInstance: metadata_scraper.scrape_goes_data manual__2023-02-23T18:42:26.458361+00:00 [queued]>
[2023-02-23T18:42:28.477+0000] {taskinstance.py:1083} INFO - Dependencies all met for <TaskInstance: metadata_scraper.scrape_goes_data manual__2023-02-23T18:42:26.458361+00:00 [queued]>
[2023-02-23T18:42:28.479+0000] {taskinstance.py:1279} INFO - 
--------------------------------------------------------------------------------
[2023-02-23T18:42:28.496+0000] {taskinstance.py:1280} INFO - Starting attempt 1 of 1
[2023-02-23T18:42:28.497+0000] {taskinstance.py:1281} INFO - 
--------------------------------------------------------------------------------
[2023-02-23T18:42:28.514+0000] {taskinstance.py:1300} INFO - Executing <Task(PythonOperator): scrape_goes_data> on 2023-02-23 18:42:26.458361+00:00
[2023-02-23T18:42:28.527+0000] {standard_task_runner.py:55} INFO - Started process 879 to run task
[2023-02-23T18:42:28.538+0000] {standard_task_runner.py:82} INFO - Running: ['***', 'tasks', 'run', 'metadata_scraper', 'scrape_goes_data', 'manual__2023-02-23T18:42:26.458361+00:00', '--job-id', '78', '--raw', '--subdir', 'DAGS_FOLDER/metadataScrapper.py', '--cfg-path', '/tmp/tmp7oa_z6t4']
[2023-02-23T18:42:28.543+0000] {standard_task_runner.py:83} INFO - Job 78: Subtask scrape_goes_data
[2023-02-23T18:42:28.669+0000] {task_command.py:388} INFO - Running <TaskInstance: metadata_scraper.scrape_goes_data manual__2023-02-23T18:42:26.458361+00:00 [running]> on host a63d292ab6ab
[2023-02-23T18:42:28.751+0000] {taskinstance.py:1509} INFO - Exporting the following env vars:
AIRFLOW_CTX_DAG_OWNER=Charu Singh
AIRFLOW_CTX_DAG_ID=metadata_scraper
AIRFLOW_CTX_TASK_ID=scrape_goes_data
AIRFLOW_CTX_EXECUTION_DATE=2023-02-23T18:42:26.458361+00:00
AIRFLOW_CTX_TRY_NUMBER=1
AIRFLOW_CTX_DAG_RUN_ID=manual__2023-02-23T18:42:26.458361+00:00
[2023-02-23T18:42:28.758+0000] {python.py:177} INFO - Done. Returned value was: None
[2023-02-23T18:42:28.773+0000] {taskinstance.py:1323} INFO - Marking task as SUCCESS. dag_id=metadata_scraper, task_id=scrape_goes_data, execution_date=20230223T184226, start_date=20230223T184228, end_date=20230223T184228
[2023-02-23T18:42:28.834+0000] {local_task_job.py:208} INFO - Task exited with return code 0
[2023-02-23T18:42:28.859+0000] {taskinstance.py:2578} INFO - 1 downstream tasks scheduled from follow-on schedule check
