[2023-03-02T03:21:39.315+0000] {taskinstance.py:1083} INFO - Dependencies all met for <TaskInstance: metadata_scraper.scrape_nexrad_data manual__2023-03-02T03:21:36.040709+00:00 [queued]>
[2023-03-02T03:21:39.323+0000] {taskinstance.py:1083} INFO - Dependencies all met for <TaskInstance: metadata_scraper.scrape_nexrad_data manual__2023-03-02T03:21:36.040709+00:00 [queued]>
[2023-03-02T03:21:39.325+0000] {taskinstance.py:1279} INFO - 
--------------------------------------------------------------------------------
[2023-03-02T03:21:39.327+0000] {taskinstance.py:1280} INFO - Starting attempt 1 of 1
[2023-03-02T03:21:39.328+0000] {taskinstance.py:1281} INFO - 
--------------------------------------------------------------------------------
[2023-03-02T03:21:39.340+0000] {taskinstance.py:1300} INFO - Executing <Task(PythonOperator): scrape_nexrad_data> on 2023-03-02 03:21:36.040709+00:00
[2023-03-02T03:21:39.353+0000] {standard_task_runner.py:55} INFO - Started process 4548 to run task
[2023-03-02T03:21:39.360+0000] {standard_task_runner.py:82} INFO - Running: ['***', 'tasks', 'run', 'metadata_scraper', 'scrape_nexrad_data', 'manual__2023-03-02T03:21:36.040709+00:00', '--job-id', '14', '--raw', '--subdir', 'DAGS_FOLDER/scrapper.py', '--cfg-path', '/tmp/tmpp2hoheko']
[2023-03-02T03:21:39.364+0000] {standard_task_runner.py:83} INFO - Job 14: Subtask scrape_nexrad_data
[2023-03-02T03:21:39.476+0000] {task_command.py:388} INFO - Running <TaskInstance: metadata_scraper.scrape_nexrad_data manual__2023-03-02T03:21:36.040709+00:00 [running]> on host 5d83bf79023b
[2023-03-02T03:21:39.589+0000] {taskinstance.py:1509} INFO - Exporting the following env vars:
AIRFLOW_CTX_DAG_OWNER=Charu Singh
AIRFLOW_CTX_DAG_ID=metadata_scraper
AIRFLOW_CTX_TASK_ID=scrape_nexrad_data
AIRFLOW_CTX_EXECUTION_DATE=2023-03-02T03:21:36.040709+00:00
AIRFLOW_CTX_TRY_NUMBER=1
AIRFLOW_CTX_DAG_RUN_ID=manual__2023-03-02T03:21:36.040709+00:00
[2023-03-02T03:24:09.191+0000] {python.py:177} INFO - Done. Returned value was: None
[2023-03-02T03:24:09.245+0000] {taskinstance.py:1323} INFO - Marking task as SUCCESS. dag_id=metadata_scraper, task_id=scrape_nexrad_data, execution_date=20230302T032136, start_date=20230302T032139, end_date=20230302T032409
[2023-03-02T03:24:09.347+0000] {local_task_job.py:208} INFO - Task exited with return code 0
[2023-03-02T03:24:09.379+0000] {taskinstance.py:2578} INFO - 1 downstream tasks scheduled from follow-on schedule check
