[2023-03-02T19:13:13.817+0000] {taskinstance.py:1083} INFO - Dependencies all met for <TaskInstance: metadata_scraper.scrape_goes_data manual__2023-03-02T19:13:10.293807+00:00 [queued]>
[2023-03-02T19:13:13.827+0000] {taskinstance.py:1083} INFO - Dependencies all met for <TaskInstance: metadata_scraper.scrape_goes_data manual__2023-03-02T19:13:10.293807+00:00 [queued]>
[2023-03-02T19:13:13.829+0000] {taskinstance.py:1279} INFO - 
--------------------------------------------------------------------------------
[2023-03-02T19:13:13.835+0000] {taskinstance.py:1280} INFO - Starting attempt 1 of 1
[2023-03-02T19:13:13.836+0000] {taskinstance.py:1281} INFO - 
--------------------------------------------------------------------------------
[2023-03-02T19:13:13.850+0000] {taskinstance.py:1300} INFO - Executing <Task(PythonOperator): scrape_goes_data> on 2023-03-02 19:13:10.293807+00:00
[2023-03-02T19:13:13.861+0000] {standard_task_runner.py:55} INFO - Started process 2948 to run task
[2023-03-02T19:13:13.886+0000] {standard_task_runner.py:82} INFO - Running: ['***', 'tasks', 'run', 'metadata_scraper', 'scrape_goes_data', 'manual__2023-03-02T19:13:10.293807+00:00', '--job-id', '33', '--raw', '--subdir', 'DAGS_FOLDER/scrapper.py', '--cfg-path', '/tmp/tmpucmsz651']
[2023-03-02T19:13:13.902+0000] {standard_task_runner.py:83} INFO - Job 33: Subtask scrape_goes_data
[2023-03-02T19:13:14.111+0000] {task_command.py:388} INFO - Running <TaskInstance: metadata_scraper.scrape_goes_data manual__2023-03-02T19:13:10.293807+00:00 [running]> on host f6e174e28dc0
[2023-03-02T19:13:14.273+0000] {taskinstance.py:1509} INFO - Exporting the following env vars:
AIRFLOW_CTX_DAG_OWNER=Charu Singh
AIRFLOW_CTX_DAG_ID=metadata_scraper
AIRFLOW_CTX_TASK_ID=scrape_goes_data
AIRFLOW_CTX_EXECUTION_DATE=2023-03-02T19:13:10.293807+00:00
AIRFLOW_CTX_TRY_NUMBER=1
AIRFLOW_CTX_DAG_RUN_ID=manual__2023-03-02T19:13:10.293807+00:00
[2023-03-02T19:13:43.615+0000] {python.py:177} INFO - Done. Returned value was: None
[2023-03-02T19:13:43.661+0000] {taskinstance.py:1323} INFO - Marking task as SUCCESS. dag_id=metadata_scraper, task_id=scrape_goes_data, execution_date=20230302T191310, start_date=20230302T191313, end_date=20230302T191343
[2023-03-02T19:13:43.766+0000] {local_task_job.py:208} INFO - Task exited with return code 0
[2023-03-02T19:13:43.817+0000] {taskinstance.py:2578} INFO - 0 downstream tasks scheduled from follow-on schedule check
