[2023-02-23T22:55:16.539+0000] {taskinstance.py:1083} INFO - Dependencies all met for <TaskInstance: metadata_scraper.scrape_nexrad_data manual__2023-02-23T22:54:52.290283+00:00 [queued]>
[2023-02-23T22:55:16.549+0000] {taskinstance.py:1083} INFO - Dependencies all met for <TaskInstance: metadata_scraper.scrape_nexrad_data manual__2023-02-23T22:54:52.290283+00:00 [queued]>
[2023-02-23T22:55:16.551+0000] {taskinstance.py:1279} INFO - 
--------------------------------------------------------------------------------
[2023-02-23T22:55:16.553+0000] {taskinstance.py:1280} INFO - Starting attempt 1 of 1
[2023-02-23T22:55:16.555+0000] {taskinstance.py:1281} INFO - 
--------------------------------------------------------------------------------
[2023-02-23T22:55:16.570+0000] {taskinstance.py:1300} INFO - Executing <Task(PythonOperator): scrape_nexrad_data> on 2023-02-23 22:54:52.290283+00:00
[2023-02-23T22:55:16.604+0000] {standard_task_runner.py:55} INFO - Started process 3899 to run task
[2023-02-23T22:55:16.620+0000] {standard_task_runner.py:82} INFO - Running: ['***', 'tasks', 'run', 'metadata_scraper', 'scrape_nexrad_data', 'manual__2023-02-23T22:54:52.290283+00:00', '--job-id', '16', '--raw', '--subdir', 'DAGS_FOLDER/metadataScrapper.py', '--cfg-path', '/tmp/tmpvpc_qo6f']
[2023-02-23T22:55:16.622+0000] {standard_task_runner.py:83} INFO - Job 16: Subtask scrape_nexrad_data
[2023-02-23T22:55:16.746+0000] {task_command.py:388} INFO - Running <TaskInstance: metadata_scraper.scrape_nexrad_data manual__2023-02-23T22:54:52.290283+00:00 [running]> on host e71d177a0fdc
[2023-02-23T22:55:16.845+0000] {taskinstance.py:1509} INFO - Exporting the following env vars:
AIRFLOW_CTX_DAG_OWNER=Charu Singh
AIRFLOW_CTX_DAG_ID=metadata_scraper
AIRFLOW_CTX_TASK_ID=scrape_nexrad_data
AIRFLOW_CTX_EXECUTION_DATE=2023-02-23T22:54:52.290283+00:00
AIRFLOW_CTX_TRY_NUMBER=1
AIRFLOW_CTX_DAG_RUN_ID=manual__2023-02-23T22:54:52.290283+00:00
[2023-02-23T22:57:28.423+0000] {python.py:177} INFO - Done. Returned value was: None
[2023-02-23T22:57:28.467+0000] {taskinstance.py:1323} INFO - Marking task as SUCCESS. dag_id=metadata_scraper, task_id=scrape_nexrad_data, execution_date=20230223T225452, start_date=20230223T225516, end_date=20230223T225728
[2023-02-23T22:57:28.555+0000] {local_task_job.py:208} INFO - Task exited with return code 0
[2023-02-23T22:57:28.592+0000] {taskinstance.py:2578} INFO - 0 downstream tasks scheduled from follow-on schedule check
