[2023-02-23T02:06:34.322+0000] {taskinstance.py:1083} INFO - Dependencies all met for <TaskInstance: metadata_scraper_goes.scrape_nexrad_data manual__2023-02-23T02:06:29.168286+00:00 [queued]>
[2023-02-23T02:06:34.330+0000] {taskinstance.py:1083} INFO - Dependencies all met for <TaskInstance: metadata_scraper_goes.scrape_nexrad_data manual__2023-02-23T02:06:29.168286+00:00 [queued]>
[2023-02-23T02:06:34.332+0000] {taskinstance.py:1279} INFO - 
--------------------------------------------------------------------------------
[2023-02-23T02:06:34.336+0000] {taskinstance.py:1280} INFO - Starting attempt 1 of 2
[2023-02-23T02:06:34.337+0000] {taskinstance.py:1281} INFO - 
--------------------------------------------------------------------------------
[2023-02-23T02:06:34.350+0000] {taskinstance.py:1300} INFO - Executing <Task(PythonOperator): scrape_nexrad_data> on 2023-02-23 02:06:29.168286+00:00
[2023-02-23T02:06:34.379+0000] {standard_task_runner.py:55} INFO - Started process 15982 to run task
[2023-02-23T02:06:34.386+0000] {standard_task_runner.py:82} INFO - Running: ['***', 'tasks', 'run', 'metadata_scraper_goes', 'scrape_nexrad_data', 'manual__2023-02-23T02:06:29.168286+00:00', '--job-id', '37', '--raw', '--subdir', 'DAGS_FOLDER/metadataScrapper.py', '--cfg-path', '/tmp/tmpd19psca_']
[2023-02-23T02:06:34.391+0000] {standard_task_runner.py:83} INFO - Job 37: Subtask scrape_nexrad_data
[2023-02-23T02:06:34.489+0000] {task_command.py:388} INFO - Running <TaskInstance: metadata_scraper_goes.scrape_nexrad_data manual__2023-02-23T02:06:29.168286+00:00 [running]> on host fd37b4f3bb6b
[2023-02-23T02:06:34.553+0000] {taskinstance.py:1509} INFO - Exporting the following env vars:
AIRFLOW_CTX_DAG_OWNER=Charu Singh
AIRFLOW_CTX_DAG_ID=metadata_scraper_goes
AIRFLOW_CTX_TASK_ID=scrape_nexrad_data
AIRFLOW_CTX_EXECUTION_DATE=2023-02-23T02:06:29.168286+00:00
AIRFLOW_CTX_TRY_NUMBER=1
AIRFLOW_CTX_DAG_RUN_ID=manual__2023-02-23T02:06:29.168286+00:00
[2023-02-23T02:06:35.634+0000] {python.py:177} INFO - Done. Returned value was: None
[2023-02-23T02:06:35.670+0000] {taskinstance.py:1323} INFO - Marking task as SUCCESS. dag_id=metadata_scraper_goes, task_id=scrape_nexrad_data, execution_date=20230223T020629, start_date=20230223T020634, end_date=20230223T020635
[2023-02-23T02:06:35.776+0000] {local_task_job.py:208} INFO - Task exited with return code 0
[2023-02-23T02:06:35.909+0000] {taskinstance.py:2578} INFO - 1 downstream tasks scheduled from follow-on schedule check
