[2023-03-02T02:24:21.501+0000] {taskinstance.py:1083} INFO - Dependencies all met for <TaskInstance: metadata_scraper.scrape_goes_data manual__2023-03-02T02:24:15.589228+00:00 [queued]>
[2023-03-02T02:24:21.509+0000] {taskinstance.py:1083} INFO - Dependencies all met for <TaskInstance: metadata_scraper.scrape_goes_data manual__2023-03-02T02:24:15.589228+00:00 [queued]>
[2023-03-02T02:24:21.511+0000] {taskinstance.py:1279} INFO - 
--------------------------------------------------------------------------------
[2023-03-02T02:24:21.516+0000] {taskinstance.py:1280} INFO - Starting attempt 1 of 1
[2023-03-02T02:24:21.517+0000] {taskinstance.py:1281} INFO - 
--------------------------------------------------------------------------------
[2023-03-02T02:24:21.541+0000] {taskinstance.py:1300} INFO - Executing <Task(PythonOperator): scrape_goes_data> on 2023-03-02 02:24:15.589228+00:00
[2023-03-02T02:24:21.551+0000] {standard_task_runner.py:55} INFO - Started process 1122 to run task
[2023-03-02T02:24:21.558+0000] {standard_task_runner.py:82} INFO - Running: ['***', 'tasks', 'run', 'metadata_scraper', 'scrape_goes_data', 'manual__2023-03-02T02:24:15.589228+00:00', '--job-id', '9', '--raw', '--subdir', 'DAGS_FOLDER/scrapper.py', '--cfg-path', '/tmp/tmpvfh8elj9']
[2023-03-02T02:24:21.564+0000] {standard_task_runner.py:83} INFO - Job 9: Subtask scrape_goes_data
[2023-03-02T02:24:21.663+0000] {task_command.py:388} INFO - Running <TaskInstance: metadata_scraper.scrape_goes_data manual__2023-03-02T02:24:15.589228+00:00 [running]> on host 5d83bf79023b
[2023-03-02T02:24:21.745+0000] {taskinstance.py:1509} INFO - Exporting the following env vars:
AIRFLOW_CTX_DAG_OWNER=Charu Singh
AIRFLOW_CTX_DAG_ID=metadata_scraper
AIRFLOW_CTX_TASK_ID=scrape_goes_data
AIRFLOW_CTX_EXECUTION_DATE=2023-03-02T02:24:15.589228+00:00
AIRFLOW_CTX_TRY_NUMBER=1
AIRFLOW_CTX_DAG_RUN_ID=manual__2023-03-02T02:24:15.589228+00:00
[2023-03-02T02:24:40.688+0000] {python.py:177} INFO - Done. Returned value was: None
[2023-03-02T02:24:40.738+0000] {taskinstance.py:1323} INFO - Marking task as SUCCESS. dag_id=metadata_scraper, task_id=scrape_goes_data, execution_date=20230302T022415, start_date=20230302T022421, end_date=20230302T022440
[2023-03-02T02:24:40.851+0000] {local_task_job.py:208} INFO - Task exited with return code 0
[2023-03-02T02:24:40.900+0000] {taskinstance.py:2578} INFO - 0 downstream tasks scheduled from follow-on schedule check
