[2023-03-02T03:24:11.005+0000] {taskinstance.py:1083} INFO - Dependencies all met for <TaskInstance: metadata_scraper.export_to_csv manual__2023-03-02T03:21:36.040709+00:00 [queued]>
[2023-03-02T03:24:11.014+0000] {taskinstance.py:1083} INFO - Dependencies all met for <TaskInstance: metadata_scraper.export_to_csv manual__2023-03-02T03:21:36.040709+00:00 [queued]>
[2023-03-02T03:24:11.015+0000] {taskinstance.py:1279} INFO - 
--------------------------------------------------------------------------------
[2023-03-02T03:24:11.016+0000] {taskinstance.py:1280} INFO - Starting attempt 1 of 1
[2023-03-02T03:24:11.016+0000] {taskinstance.py:1281} INFO - 
--------------------------------------------------------------------------------
[2023-03-02T03:24:11.025+0000] {taskinstance.py:1300} INFO - Executing <Task(PythonOperator): export_to_csv> on 2023-03-02 03:21:36.040709+00:00
[2023-03-02T03:24:11.039+0000] {standard_task_runner.py:55} INFO - Started process 4684 to run task
[2023-03-02T03:24:11.044+0000] {standard_task_runner.py:82} INFO - Running: ['***', 'tasks', 'run', 'metadata_scraper', 'export_to_csv', 'manual__2023-03-02T03:21:36.040709+00:00', '--job-id', '17', '--raw', '--subdir', 'DAGS_FOLDER/scrapper.py', '--cfg-path', '/tmp/tmpf92ef3co']
[2023-03-02T03:24:11.048+0000] {standard_task_runner.py:83} INFO - Job 17: Subtask export_to_csv
[2023-03-02T03:24:11.135+0000] {task_command.py:388} INFO - Running <TaskInstance: metadata_scraper.export_to_csv manual__2023-03-02T03:21:36.040709+00:00 [running]> on host 5d83bf79023b
[2023-03-02T03:24:11.196+0000] {taskinstance.py:1509} INFO - Exporting the following env vars:
AIRFLOW_CTX_DAG_OWNER=Charu Singh
AIRFLOW_CTX_DAG_ID=metadata_scraper
AIRFLOW_CTX_TASK_ID=export_to_csv
AIRFLOW_CTX_EXECUTION_DATE=2023-03-02T03:21:36.040709+00:00
AIRFLOW_CTX_TRY_NUMBER=1
AIRFLOW_CTX_DAG_RUN_ID=manual__2023-03-02T03:21:36.040709+00:00
[2023-03-02T03:24:16.701+0000] {python.py:177} INFO - Done. Returned value was: None
[2023-03-02T03:24:16.732+0000] {taskinstance.py:1323} INFO - Marking task as SUCCESS. dag_id=metadata_scraper, task_id=export_to_csv, execution_date=20230302T032136, start_date=20230302T032411, end_date=20230302T032416
[2023-03-02T03:24:16.803+0000] {local_task_job.py:208} INFO - Task exited with return code 0
[2023-03-02T03:24:16.832+0000] {taskinstance.py:2578} INFO - 0 downstream tasks scheduled from follow-on schedule check
