[2023-02-23T04:47:51.066+0000] {taskinstance.py:1083} INFO - Dependencies all met for <TaskInstance: database_dag.initialize_db manual__2023-02-23T04:47:48.044019+00:00 [queued]>
[2023-02-23T04:47:51.121+0000] {taskinstance.py:1083} INFO - Dependencies all met for <TaskInstance: database_dag.initialize_db manual__2023-02-23T04:47:48.044019+00:00 [queued]>
[2023-02-23T04:47:51.124+0000] {taskinstance.py:1279} INFO - 
--------------------------------------------------------------------------------
[2023-02-23T04:47:51.126+0000] {taskinstance.py:1280} INFO - Starting attempt 1 of 2
[2023-02-23T04:47:51.129+0000] {taskinstance.py:1281} INFO - 
--------------------------------------------------------------------------------
[2023-02-23T04:47:51.154+0000] {taskinstance.py:1300} INFO - Executing <Task(PythonOperator): initialize_db> on 2023-02-23 04:47:48.044019+00:00
[2023-02-23T04:47:51.170+0000] {standard_task_runner.py:55} INFO - Started process 21811 to run task
[2023-02-23T04:47:51.176+0000] {standard_task_runner.py:82} INFO - Running: ['***', 'tasks', 'run', 'database_dag', 'initialize_db', 'manual__2023-02-23T04:47:48.044019+00:00', '--job-id', '57', '--raw', '--subdir', 'DAGS_FOLDER/metadataScrapper.py', '--cfg-path', '/tmp/tmp8jonembe']
[2023-02-23T04:47:51.182+0000] {standard_task_runner.py:83} INFO - Job 57: Subtask initialize_db
[2023-02-23T04:47:51.309+0000] {task_command.py:388} INFO - Running <TaskInstance: database_dag.initialize_db manual__2023-02-23T04:47:48.044019+00:00 [running]> on host fd37b4f3bb6b
[2023-02-23T04:47:51.711+0000] {taskinstance.py:1509} INFO - Exporting the following env vars:
AIRFLOW_CTX_DAG_OWNER=Charu Singh
AIRFLOW_CTX_DAG_ID=database_dag
AIRFLOW_CTX_TASK_ID=initialize_db
AIRFLOW_CTX_EXECUTION_DATE=2023-02-23T04:47:48.044019+00:00
AIRFLOW_CTX_TRY_NUMBER=1
AIRFLOW_CTX_DAG_RUN_ID=manual__2023-02-23T04:47:48.044019+00:00
[2023-02-23T04:47:51.754+0000] {logging_mixin.py:137} INFO - /opt/***/dags
[2023-02-23T04:47:51.768+0000] {taskinstance.py:1768} ERROR - Task failed with exception
Traceback (most recent call last):
  File "/home/airflow/.local/lib/python3.7/site-packages/airflow/operators/python.py", line 175, in execute
    return_value = self.execute_callable()
  File "/home/airflow/.local/lib/python3.7/site-packages/airflow/operators/python.py", line 192, in execute_callable
    return self.python_callable(*self.op_args, **self.op_kwargs)
  File "/opt/airflow/dags/metadataScrapper.py", line 93, in check_database_initilization
    logging.info("Database file already exist")
NameError: name 'logging' is not defined
[2023-02-23T04:47:51.844+0000] {taskinstance.py:1323} INFO - Marking task as UP_FOR_RETRY. dag_id=database_dag, task_id=initialize_db, execution_date=20230223T044748, start_date=20230223T044751, end_date=20230223T044751
[2023-02-23T04:47:51.985+0000] {standard_task_runner.py:105} ERROR - Failed to execute job 57 for task initialize_db (name 'logging' is not defined; 21811)
[2023-02-23T04:47:52.053+0000] {local_task_job.py:208} INFO - Task exited with return code 1
[2023-02-23T04:47:52.149+0000] {taskinstance.py:2578} INFO - 0 downstream tasks scheduled from follow-on schedule check
