[2023-03-02T02:12:51.597+0000] {taskinstance.py:1083} INFO - Dependencies all met for <TaskInstance: metadata_scraper.scrape_goes_data manual__2023-03-02T02:12:47.845998+00:00 [queued]>
[2023-03-02T02:12:51.624+0000] {taskinstance.py:1083} INFO - Dependencies all met for <TaskInstance: metadata_scraper.scrape_goes_data manual__2023-03-02T02:12:47.845998+00:00 [queued]>
[2023-03-02T02:12:51.629+0000] {taskinstance.py:1279} INFO - 
--------------------------------------------------------------------------------
[2023-03-02T02:12:51.632+0000] {taskinstance.py:1280} INFO - Starting attempt 1 of 1
[2023-03-02T02:12:51.636+0000] {taskinstance.py:1281} INFO - 
--------------------------------------------------------------------------------
[2023-03-02T02:12:51.665+0000] {taskinstance.py:1300} INFO - Executing <Task(PythonOperator): scrape_goes_data> on 2023-03-02 02:12:47.845998+00:00
[2023-03-02T02:12:51.691+0000] {standard_task_runner.py:55} INFO - Started process 441 to run task
[2023-03-02T02:12:51.710+0000] {standard_task_runner.py:82} INFO - Running: ['***', 'tasks', 'run', 'metadata_scraper', 'scrape_goes_data', 'manual__2023-03-02T02:12:47.845998+00:00', '--job-id', '6', '--raw', '--subdir', 'DAGS_FOLDER/scrapper.py', '--cfg-path', '/tmp/tmp6kb96va9']
[2023-03-02T02:12:51.722+0000] {standard_task_runner.py:83} INFO - Job 6: Subtask scrape_goes_data
[2023-03-02T02:12:52.006+0000] {task_command.py:388} INFO - Running <TaskInstance: metadata_scraper.scrape_goes_data manual__2023-03-02T02:12:47.845998+00:00 [running]> on host 5d83bf79023b
[2023-03-02T02:12:52.280+0000] {taskinstance.py:1509} INFO - Exporting the following env vars:
AIRFLOW_CTX_DAG_OWNER=Charu Singh
AIRFLOW_CTX_DAG_ID=metadata_scraper
AIRFLOW_CTX_TASK_ID=scrape_goes_data
AIRFLOW_CTX_EXECUTION_DATE=2023-03-02T02:12:47.845998+00:00
AIRFLOW_CTX_TRY_NUMBER=1
AIRFLOW_CTX_DAG_RUN_ID=manual__2023-03-02T02:12:47.845998+00:00
[2023-03-02T02:13:12.866+0000] {python.py:177} INFO - Done. Returned value was: None
[2023-03-02T02:13:12.892+0000] {taskinstance.py:1323} INFO - Marking task as SUCCESS. dag_id=metadata_scraper, task_id=scrape_goes_data, execution_date=20230302T021247, start_date=20230302T021251, end_date=20230302T021312
[2023-03-02T02:13:12.978+0000] {local_task_job.py:208} INFO - Task exited with return code 0
[2023-03-02T02:13:13.009+0000] {taskinstance.py:2578} INFO - 0 downstream tasks scheduled from follow-on schedule check
