[2023-03-02T19:05:57.746+0000] {taskinstance.py:1083} INFO - Dependencies all met for <TaskInstance: metadata_scraper.scrape_goes_data manual__2023-03-02T19:05:54.685462+00:00 [queued]>
[2023-03-02T19:05:57.759+0000] {taskinstance.py:1083} INFO - Dependencies all met for <TaskInstance: metadata_scraper.scrape_goes_data manual__2023-03-02T19:05:54.685462+00:00 [queued]>
[2023-03-02T19:05:57.767+0000] {taskinstance.py:1279} INFO - 
--------------------------------------------------------------------------------
[2023-03-02T19:05:57.769+0000] {taskinstance.py:1280} INFO - Starting attempt 1 of 1
[2023-03-02T19:05:57.771+0000] {taskinstance.py:1281} INFO - 
--------------------------------------------------------------------------------
[2023-03-02T19:05:57.784+0000] {taskinstance.py:1300} INFO - Executing <Task(PythonOperator): scrape_goes_data> on 2023-03-02 19:05:54.685462+00:00
[2023-03-02T19:05:57.808+0000] {standard_task_runner.py:55} INFO - Started process 2500 to run task
[2023-03-02T19:05:57.825+0000] {standard_task_runner.py:82} INFO - Running: ['***', 'tasks', 'run', 'metadata_scraper', 'scrape_goes_data', 'manual__2023-03-02T19:05:54.685462+00:00', '--job-id', '29', '--raw', '--subdir', 'DAGS_FOLDER/scrapper.py', '--cfg-path', '/tmp/tmp3bh4niuq']
[2023-03-02T19:05:57.831+0000] {standard_task_runner.py:83} INFO - Job 29: Subtask scrape_goes_data
[2023-03-02T19:05:57.981+0000] {task_command.py:388} INFO - Running <TaskInstance: metadata_scraper.scrape_goes_data manual__2023-03-02T19:05:54.685462+00:00 [running]> on host f6e174e28dc0
[2023-03-02T19:05:58.128+0000] {taskinstance.py:1509} INFO - Exporting the following env vars:
AIRFLOW_CTX_DAG_OWNER=Charu Singh
AIRFLOW_CTX_DAG_ID=metadata_scraper
AIRFLOW_CTX_TASK_ID=scrape_goes_data
AIRFLOW_CTX_EXECUTION_DATE=2023-03-02T19:05:54.685462+00:00
AIRFLOW_CTX_TRY_NUMBER=1
AIRFLOW_CTX_DAG_RUN_ID=manual__2023-03-02T19:05:54.685462+00:00
[2023-03-02T19:06:32.215+0000] {python.py:177} INFO - Done. Returned value was: None
[2023-03-02T19:06:32.515+0000] {taskinstance.py:1323} INFO - Marking task as SUCCESS. dag_id=metadata_scraper, task_id=scrape_goes_data, execution_date=20230302T190554, start_date=20230302T190557, end_date=20230302T190632
[2023-03-02T19:06:32.980+0000] {local_task_job.py:208} INFO - Task exited with return code 0
[2023-03-02T19:06:33.156+0000] {taskinstance.py:2578} INFO - 0 downstream tasks scheduled from follow-on schedule check
