[2023-03-02T03:21:40.872+0000] {taskinstance.py:1083} INFO - Dependencies all met for <TaskInstance: metadata_scraper.scrape_goes_data manual__2023-03-02T03:21:36.040709+00:00 [queued]>
[2023-03-02T03:21:40.888+0000] {taskinstance.py:1083} INFO - Dependencies all met for <TaskInstance: metadata_scraper.scrape_goes_data manual__2023-03-02T03:21:36.040709+00:00 [queued]>
[2023-03-02T03:21:40.889+0000] {taskinstance.py:1279} INFO - 
--------------------------------------------------------------------------------
[2023-03-02T03:21:40.890+0000] {taskinstance.py:1280} INFO - Starting attempt 1 of 1
[2023-03-02T03:21:40.891+0000] {taskinstance.py:1281} INFO - 
--------------------------------------------------------------------------------
[2023-03-02T03:21:40.900+0000] {taskinstance.py:1300} INFO - Executing <Task(PythonOperator): scrape_goes_data> on 2023-03-02 03:21:36.040709+00:00
[2023-03-02T03:21:40.922+0000] {standard_task_runner.py:55} INFO - Started process 4550 to run task
[2023-03-02T03:21:40.932+0000] {standard_task_runner.py:82} INFO - Running: ['***', 'tasks', 'run', 'metadata_scraper', 'scrape_goes_data', 'manual__2023-03-02T03:21:36.040709+00:00', '--job-id', '16', '--raw', '--subdir', 'DAGS_FOLDER/scrapper.py', '--cfg-path', '/tmp/tmp9i1ibhdd']
[2023-03-02T03:21:40.942+0000] {standard_task_runner.py:83} INFO - Job 16: Subtask scrape_goes_data
[2023-03-02T03:21:41.040+0000] {task_command.py:388} INFO - Running <TaskInstance: metadata_scraper.scrape_goes_data manual__2023-03-02T03:21:36.040709+00:00 [running]> on host 5d83bf79023b
[2023-03-02T03:21:41.100+0000] {taskinstance.py:1509} INFO - Exporting the following env vars:
AIRFLOW_CTX_DAG_OWNER=Charu Singh
AIRFLOW_CTX_DAG_ID=metadata_scraper
AIRFLOW_CTX_TASK_ID=scrape_goes_data
AIRFLOW_CTX_EXECUTION_DATE=2023-03-02T03:21:36.040709+00:00
AIRFLOW_CTX_TRY_NUMBER=1
AIRFLOW_CTX_DAG_RUN_ID=manual__2023-03-02T03:21:36.040709+00:00
[2023-03-02T03:22:00.265+0000] {python.py:177} INFO - Done. Returned value was: None
[2023-03-02T03:22:00.312+0000] {taskinstance.py:1323} INFO - Marking task as SUCCESS. dag_id=metadata_scraper, task_id=scrape_goes_data, execution_date=20230302T032136, start_date=20230302T032140, end_date=20230302T032200
[2023-03-02T03:22:00.382+0000] {local_task_job.py:208} INFO - Task exited with return code 0
[2023-03-02T03:22:00.448+0000] {taskinstance.py:2578} INFO - 0 downstream tasks scheduled from follow-on schedule check
