[2023-02-23T03:06:19.406+0000] {taskinstance.py:1083} INFO - Dependencies all met for <TaskInstance: metadata_scraper.upload_data manual__2023-02-23T03:06:12.154877+00:00 [queued]>
[2023-02-23T03:06:19.452+0000] {taskinstance.py:1083} INFO - Dependencies all met for <TaskInstance: metadata_scraper.upload_data manual__2023-02-23T03:06:12.154877+00:00 [queued]>
[2023-02-23T03:06:19.455+0000] {taskinstance.py:1279} INFO - 
--------------------------------------------------------------------------------
[2023-02-23T03:06:19.458+0000] {taskinstance.py:1280} INFO - Starting attempt 1 of 2
[2023-02-23T03:06:19.464+0000] {taskinstance.py:1281} INFO - 
--------------------------------------------------------------------------------
[2023-02-23T03:06:19.544+0000] {taskinstance.py:1300} INFO - Executing <Task(PythonOperator): upload_data> on 2023-02-23 03:06:12.154877+00:00
[2023-02-23T03:06:19.590+0000] {standard_task_runner.py:55} INFO - Started process 19644 to run task
[2023-02-23T03:06:19.616+0000] {standard_task_runner.py:82} INFO - Running: ['***', 'tasks', 'run', 'metadata_scraper', 'upload_data', 'manual__2023-02-23T03:06:12.154877+00:00', '--job-id', '43', '--raw', '--subdir', 'DAGS_FOLDER/metadataScrapper.py', '--cfg-path', '/tmp/tmpyhsw5abt']
[2023-02-23T03:06:19.619+0000] {standard_task_runner.py:83} INFO - Job 43: Subtask upload_data
[2023-02-23T03:06:19.826+0000] {task_command.py:388} INFO - Running <TaskInstance: metadata_scraper.upload_data manual__2023-02-23T03:06:12.154877+00:00 [running]> on host fd37b4f3bb6b
[2023-02-23T03:06:19.940+0000] {taskinstance.py:1509} INFO - Exporting the following env vars:
AIRFLOW_CTX_DAG_OWNER=Charu Singh
AIRFLOW_CTX_DAG_ID=metadata_scraper
AIRFLOW_CTX_TASK_ID=upload_data
AIRFLOW_CTX_EXECUTION_DATE=2023-02-23T03:06:12.154877+00:00
AIRFLOW_CTX_TRY_NUMBER=1
AIRFLOW_CTX_DAG_RUN_ID=manual__2023-02-23T03:06:12.154877+00:00
[2023-02-23T03:06:20.061+0000] {python.py:177} INFO - Done. Returned value was: None
[2023-02-23T03:06:20.089+0000] {taskinstance.py:1323} INFO - Marking task as SUCCESS. dag_id=metadata_scraper, task_id=upload_data, execution_date=20230223T030612, start_date=20230223T030619, end_date=20230223T030620
[2023-02-23T03:06:20.137+0000] {local_task_job.py:208} INFO - Task exited with return code 0
[2023-02-23T03:06:20.168+0000] {taskinstance.py:2578} INFO - 0 downstream tasks scheduled from follow-on schedule check
