[2023-03-02T02:26:29.912+0000] {taskinstance.py:1083} INFO - Dependencies all met for <TaskInstance: metadata_scraper.export_to_csv manual__2023-03-02T02:24:15.589228+00:00 [queued]>
[2023-03-02T02:26:29.923+0000] {taskinstance.py:1083} INFO - Dependencies all met for <TaskInstance: metadata_scraper.export_to_csv manual__2023-03-02T02:24:15.589228+00:00 [queued]>
[2023-03-02T02:26:29.925+0000] {taskinstance.py:1279} INFO - 
--------------------------------------------------------------------------------
[2023-03-02T02:26:29.927+0000] {taskinstance.py:1280} INFO - Starting attempt 1 of 1
[2023-03-02T02:26:29.928+0000] {taskinstance.py:1281} INFO - 
--------------------------------------------------------------------------------
[2023-03-02T02:26:29.939+0000] {taskinstance.py:1300} INFO - Executing <Task(PythonOperator): export_to_csv> on 2023-03-02 02:24:15.589228+00:00
[2023-03-02T02:26:29.954+0000] {standard_task_runner.py:55} INFO - Started process 1245 to run task
[2023-03-02T02:26:29.962+0000] {standard_task_runner.py:82} INFO - Running: ['***', 'tasks', 'run', 'metadata_scraper', 'export_to_csv', 'manual__2023-03-02T02:24:15.589228+00:00', '--job-id', '10', '--raw', '--subdir', 'DAGS_FOLDER/scrapper.py', '--cfg-path', '/tmp/tmpj_0zt29p']
[2023-03-02T02:26:29.965+0000] {standard_task_runner.py:83} INFO - Job 10: Subtask export_to_csv
[2023-03-02T02:26:30.047+0000] {task_command.py:388} INFO - Running <TaskInstance: metadata_scraper.export_to_csv manual__2023-03-02T02:24:15.589228+00:00 [running]> on host 5d83bf79023b
[2023-03-02T02:26:30.194+0000] {taskinstance.py:1509} INFO - Exporting the following env vars:
AIRFLOW_CTX_DAG_OWNER=Charu Singh
AIRFLOW_CTX_DAG_ID=metadata_scraper
AIRFLOW_CTX_TASK_ID=export_to_csv
AIRFLOW_CTX_EXECUTION_DATE=2023-03-02T02:24:15.589228+00:00
AIRFLOW_CTX_TRY_NUMBER=1
AIRFLOW_CTX_DAG_RUN_ID=manual__2023-03-02T02:24:15.589228+00:00
[2023-03-02T02:26:30.269+0000] {taskinstance.py:1768} ERROR - Task failed with exception
Traceback (most recent call last):
  File "/home/airflow/.local/lib/python3.7/site-packages/airflow/operators/python.py", line 175, in execute
    return_value = self.execute_callable()
  File "/home/airflow/.local/lib/python3.7/site-packages/airflow/operators/python.py", line 192, in execute_callable
    return self.python_callable(*self.op_args, **self.op_kwargs)
  File "/opt/airflow/dags/scrapper.py", line 148, in database_to_csv
    with open(goes_csv_file, 'w', newline='') as file:
PermissionError: [Errno 13] Permission denied: '../goes18.csv'
[2023-03-02T02:26:30.295+0000] {taskinstance.py:1323} INFO - Marking task as FAILED. dag_id=metadata_scraper, task_id=export_to_csv, execution_date=20230302T022415, start_date=20230302T022629, end_date=20230302T022630
[2023-03-02T02:26:30.338+0000] {standard_task_runner.py:105} ERROR - Failed to execute job 10 for task export_to_csv ([Errno 13] Permission denied: '../goes18.csv'; 1245)
[2023-03-02T02:26:30.380+0000] {local_task_job.py:208} INFO - Task exited with return code 1
[2023-03-02T02:26:30.423+0000] {taskinstance.py:2578} INFO - 0 downstream tasks scheduled from follow-on schedule check
