[2023-02-23T01:41:41.003+0000] {taskinstance.py:1083} INFO - Dependencies all met for <TaskInstance: s3_scraper.scrape_data manual__2023-02-23T01:41:31.612450+00:00 [queued]>
[2023-02-23T01:41:41.011+0000] {taskinstance.py:1083} INFO - Dependencies all met for <TaskInstance: s3_scraper.scrape_data manual__2023-02-23T01:41:31.612450+00:00 [queued]>
[2023-02-23T01:41:41.012+0000] {taskinstance.py:1279} INFO - 
--------------------------------------------------------------------------------
[2023-02-23T01:41:41.013+0000] {taskinstance.py:1280} INFO - Starting attempt 1 of 2
[2023-02-23T01:41:41.013+0000] {taskinstance.py:1281} INFO - 
--------------------------------------------------------------------------------
[2023-02-23T01:41:41.024+0000] {taskinstance.py:1300} INFO - Executing <Task(PythonOperator): scrape_data> on 2023-02-23 01:41:31.612450+00:00
[2023-02-23T01:41:41.049+0000] {standard_task_runner.py:55} INFO - Started process 14475 to run task
[2023-02-23T01:41:41.058+0000] {standard_task_runner.py:82} INFO - Running: ['***', 'tasks', 'run', 's3_scraper', 'scrape_data', 'manual__2023-02-23T01:41:31.612450+00:00', '--job-id', '32', '--raw', '--subdir', 'DAGS_FOLDER/metadataScrapper.py', '--cfg-path', '/tmp/tmp425fim1f']
[2023-02-23T01:41:41.059+0000] {standard_task_runner.py:83} INFO - Job 32: Subtask scrape_data
[2023-02-23T01:41:41.151+0000] {task_command.py:388} INFO - Running <TaskInstance: s3_scraper.scrape_data manual__2023-02-23T01:41:31.612450+00:00 [running]> on host fd37b4f3bb6b
[2023-02-23T01:41:41.216+0000] {taskinstance.py:1509} INFO - Exporting the following env vars:
AIRFLOW_CTX_DAG_OWNER=Charu Singh
AIRFLOW_CTX_DAG_ID=s3_scraper
AIRFLOW_CTX_TASK_ID=scrape_data
AIRFLOW_CTX_EXECUTION_DATE=2023-02-23T01:41:31.612450+00:00
AIRFLOW_CTX_TRY_NUMBER=1
AIRFLOW_CTX_DAG_RUN_ID=manual__2023-02-23T01:41:31.612450+00:00
[2023-02-23T01:41:41.290+0000] {python.py:177} INFO - Done. Returned value was: None
[2023-02-23T01:41:41.305+0000] {taskinstance.py:1323} INFO - Marking task as SUCCESS. dag_id=s3_scraper, task_id=scrape_data, execution_date=20230223T014131, start_date=20230223T014141, end_date=20230223T014141
[2023-02-23T01:41:41.351+0000] {local_task_job.py:208} INFO - Task exited with return code 0
[2023-02-23T01:41:41.382+0000] {taskinstance.py:2578} INFO - 1 downstream tasks scheduled from follow-on schedule check
