[2023-02-23T18:47:14.494+0000] {taskinstance.py:1083} INFO - Dependencies all met for <TaskInstance: metadata_scraper.scrape_goes_data manual__2023-02-23T18:47:12.792356+00:00 [queued]>
[2023-02-23T18:47:14.505+0000] {taskinstance.py:1083} INFO - Dependencies all met for <TaskInstance: metadata_scraper.scrape_goes_data manual__2023-02-23T18:47:12.792356+00:00 [queued]>
[2023-02-23T18:47:14.506+0000] {taskinstance.py:1279} INFO - 
--------------------------------------------------------------------------------
[2023-02-23T18:47:14.507+0000] {taskinstance.py:1280} INFO - Starting attempt 1 of 1
[2023-02-23T18:47:14.508+0000] {taskinstance.py:1281} INFO - 
--------------------------------------------------------------------------------
[2023-02-23T18:47:14.518+0000] {taskinstance.py:1300} INFO - Executing <Task(PythonOperator): scrape_goes_data> on 2023-02-23 18:47:12.792356+00:00
[2023-02-23T18:47:14.539+0000] {standard_task_runner.py:55} INFO - Started process 1183 to run task
[2023-02-23T18:47:14.546+0000] {standard_task_runner.py:82} INFO - Running: ['***', 'tasks', 'run', 'metadata_scraper', 'scrape_goes_data', 'manual__2023-02-23T18:47:12.792356+00:00', '--job-id', '82', '--raw', '--subdir', 'DAGS_FOLDER/metadataScrapper.py', '--cfg-path', '/tmp/tmpbblp_6ka']
[2023-02-23T18:47:14.548+0000] {standard_task_runner.py:83} INFO - Job 82: Subtask scrape_goes_data
[2023-02-23T18:47:14.637+0000] {task_command.py:388} INFO - Running <TaskInstance: metadata_scraper.scrape_goes_data manual__2023-02-23T18:47:12.792356+00:00 [running]> on host a63d292ab6ab
[2023-02-23T18:47:14.732+0000] {taskinstance.py:1509} INFO - Exporting the following env vars:
AIRFLOW_CTX_DAG_OWNER=Charu Singh
AIRFLOW_CTX_DAG_ID=metadata_scraper
AIRFLOW_CTX_TASK_ID=scrape_goes_data
AIRFLOW_CTX_EXECUTION_DATE=2023-02-23T18:47:12.792356+00:00
AIRFLOW_CTX_TRY_NUMBER=1
AIRFLOW_CTX_DAG_RUN_ID=manual__2023-02-23T18:47:12.792356+00:00
[2023-02-23T18:47:14.745+0000] {python.py:177} INFO - Done. Returned value was: None
[2023-02-23T18:47:14.756+0000] {taskinstance.py:1323} INFO - Marking task as SUCCESS. dag_id=metadata_scraper, task_id=scrape_goes_data, execution_date=20230223T184712, start_date=20230223T184714, end_date=20230223T184714
[2023-02-23T18:47:14.799+0000] {local_task_job.py:208} INFO - Task exited with return code 0
[2023-02-23T18:47:14.820+0000] {taskinstance.py:2578} INFO - 1 downstream tasks scheduled from follow-on schedule check
