[2023-02-22T21:13:48.041+0000] {taskinstance.py:1083} INFO - Dependencies all met for <TaskInstance: populate_db.populate_geos_db manual__2023-02-22T21:13:46.891954+00:00 [queued]>
[2023-02-22T21:13:48.062+0000] {taskinstance.py:1083} INFO - Dependencies all met for <TaskInstance: populate_db.populate_geos_db manual__2023-02-22T21:13:46.891954+00:00 [queued]>
[2023-02-22T21:13:48.068+0000] {taskinstance.py:1279} INFO - 
--------------------------------------------------------------------------------
[2023-02-22T21:13:48.070+0000] {taskinstance.py:1280} INFO - Starting attempt 1 of 1
[2023-02-22T21:13:48.072+0000] {taskinstance.py:1281} INFO - 
--------------------------------------------------------------------------------
[2023-02-22T21:13:48.088+0000] {taskinstance.py:1300} INFO - Executing <Task(BashOperator): populate_geos_db> on 2023-02-22 21:13:46.891954+00:00
[2023-02-22T21:13:48.104+0000] {standard_task_runner.py:55} INFO - Started process 315 to run task
[2023-02-22T21:13:48.113+0000] {standard_task_runner.py:82} INFO - Running: ['***', 'tasks', 'run', 'populate_db', 'populate_geos_db', 'manual__2023-02-22T21:13:46.891954+00:00', '--job-id', '10', '--raw', '--subdir', 'DAGS_FOLDER/schedule.py', '--cfg-path', '/tmp/tmpeohjmbws']
[2023-02-22T21:13:48.116+0000] {standard_task_runner.py:83} INFO - Job 10: Subtask populate_geos_db
[2023-02-22T21:13:48.205+0000] {task_command.py:388} INFO - Running <TaskInstance: populate_db.populate_geos_db manual__2023-02-22T21:13:46.891954+00:00 [running]> on host fd37b4f3bb6b
[2023-02-22T21:13:48.282+0000] {taskinstance.py:1509} INFO - Exporting the following env vars:
AIRFLOW_CTX_DAG_OWNER=Charu Singh
AIRFLOW_CTX_DAG_ID=populate_db
AIRFLOW_CTX_TASK_ID=populate_geos_db
AIRFLOW_CTX_EXECUTION_DATE=2023-02-22T21:13:46.891954+00:00
AIRFLOW_CTX_TRY_NUMBER=1
AIRFLOW_CTX_DAG_RUN_ID=manual__2023-02-22T21:13:46.891954+00:00
[2023-02-22T21:13:48.287+0000] {subprocess.py:63} INFO - Tmp dir root location: 
 /tmp
[2023-02-22T21:13:48.289+0000] {subprocess.py:75} INFO - Running command: ['/bin/bash', '-c', 'python3 sql_geos.py']
[2023-02-22T21:13:48.317+0000] {subprocess.py:86} INFO - Output:
[2023-02-22T21:13:48.431+0000] {subprocess.py:93} INFO - python3: can't open file 'sql_geos.py': [Errno 2] No such file or directory
[2023-02-22T21:13:48.435+0000] {subprocess.py:97} INFO - Command exited with return code 2
[2023-02-22T21:13:48.465+0000] {taskinstance.py:1768} ERROR - Task failed with exception
Traceback (most recent call last):
  File "/home/airflow/.local/lib/python3.7/site-packages/airflow/operators/bash.py", line 197, in execute
    f"Bash command failed. The command returned a non-zero exit code {result.exit_code}."
airflow.exceptions.AirflowException: Bash command failed. The command returned a non-zero exit code 2.
[2023-02-22T21:13:48.473+0000] {taskinstance.py:1323} INFO - Marking task as FAILED. dag_id=populate_db, task_id=populate_geos_db, execution_date=20230222T211346, start_date=20230222T211348, end_date=20230222T211348
[2023-02-22T21:13:48.503+0000] {standard_task_runner.py:105} ERROR - Failed to execute job 10 for task populate_geos_db (Bash command failed. The command returned a non-zero exit code 2.; 315)
[2023-02-22T21:13:48.574+0000] {local_task_job.py:208} INFO - Task exited with return code 1
[2023-02-22T21:13:48.607+0000] {taskinstance.py:2578} INFO - 0 downstream tasks scheduled from follow-on schedule check
