[2023-02-23T04:48:11.484+0000] {taskinstance.py:1083} INFO - Dependencies all met for <TaskInstance: database_dag.initialize_db manual__2023-02-23T04:43:05.309488+00:00 [queued]>
[2023-02-23T04:48:11.503+0000] {taskinstance.py:1083} INFO - Dependencies all met for <TaskInstance: database_dag.initialize_db manual__2023-02-23T04:43:05.309488+00:00 [queued]>
[2023-02-23T04:48:11.505+0000] {taskinstance.py:1279} INFO - 
--------------------------------------------------------------------------------
[2023-02-23T04:48:11.506+0000] {taskinstance.py:1280} INFO - Starting attempt 2 of 2
[2023-02-23T04:48:11.507+0000] {taskinstance.py:1281} INFO - 
--------------------------------------------------------------------------------
[2023-02-23T04:48:11.533+0000] {taskinstance.py:1300} INFO - Executing <Task(PythonOperator): initialize_db> on 2023-02-23 04:43:05.309488+00:00
[2023-02-23T04:48:11.558+0000] {standard_task_runner.py:55} INFO - Started process 21829 to run task
[2023-02-23T04:48:11.569+0000] {standard_task_runner.py:82} INFO - Running: ['***', 'tasks', 'run', 'database_dag', 'initialize_db', 'manual__2023-02-23T04:43:05.309488+00:00', '--job-id', '58', '--raw', '--subdir', 'DAGS_FOLDER/metadataScrapper.py', '--cfg-path', '/tmp/tmpch2e37ke']
[2023-02-23T04:48:11.576+0000] {standard_task_runner.py:83} INFO - Job 58: Subtask initialize_db
[2023-02-23T04:48:11.716+0000] {task_command.py:388} INFO - Running <TaskInstance: database_dag.initialize_db manual__2023-02-23T04:43:05.309488+00:00 [running]> on host fd37b4f3bb6b
[2023-02-23T04:48:11.791+0000] {taskinstance.py:1509} INFO - Exporting the following env vars:
AIRFLOW_CTX_DAG_OWNER=Charu Singh
AIRFLOW_CTX_DAG_ID=database_dag
AIRFLOW_CTX_TASK_ID=initialize_db
AIRFLOW_CTX_EXECUTION_DATE=2023-02-23T04:43:05.309488+00:00
AIRFLOW_CTX_TRY_NUMBER=2
AIRFLOW_CTX_DAG_RUN_ID=manual__2023-02-23T04:43:05.309488+00:00
[2023-02-23T04:48:11.795+0000] {logging_mixin.py:137} INFO - /opt/***/dags
[2023-02-23T04:48:11.797+0000] {taskinstance.py:1768} ERROR - Task failed with exception
Traceback (most recent call last):
  File "/home/airflow/.local/lib/python3.7/site-packages/airflow/operators/python.py", line 175, in execute
    return_value = self.execute_callable()
  File "/home/airflow/.local/lib/python3.7/site-packages/airflow/operators/python.py", line 192, in execute_callable
    return self.python_callable(*self.op_args, **self.op_kwargs)
  File "/opt/airflow/dags/metadataScrapper.py", line 93, in check_database_initilization
    logging.info("Database file already exist")
NameError: name 'logging' is not defined
[2023-02-23T04:48:11.814+0000] {taskinstance.py:1323} INFO - Marking task as FAILED. dag_id=database_dag, task_id=initialize_db, execution_date=20230223T044305, start_date=20230223T044811, end_date=20230223T044811
[2023-02-23T04:48:11.824+0000] {standard_task_runner.py:105} ERROR - Failed to execute job 58 for task initialize_db (name 'logging' is not defined; 21829)
[2023-02-23T04:48:11.866+0000] {local_task_job.py:208} INFO - Task exited with return code 1
[2023-02-23T04:48:11.893+0000] {taskinstance.py:2578} INFO - 0 downstream tasks scheduled from follow-on schedule check
