[2023-03-02T19:15:42.658+0000] {taskinstance.py:1083} INFO - Dependencies all met for <TaskInstance: metadata_scraper.export_to_csv manual__2023-03-02T19:13:10.293807+00:00 [queued]>
[2023-03-02T19:15:42.669+0000] {taskinstance.py:1083} INFO - Dependencies all met for <TaskInstance: metadata_scraper.export_to_csv manual__2023-03-02T19:13:10.293807+00:00 [queued]>
[2023-03-02T19:15:42.670+0000] {taskinstance.py:1279} INFO - 
--------------------------------------------------------------------------------
[2023-03-02T19:15:42.671+0000] {taskinstance.py:1280} INFO - Starting attempt 1 of 1
[2023-03-02T19:15:42.674+0000] {taskinstance.py:1281} INFO - 
--------------------------------------------------------------------------------
[2023-03-02T19:15:42.683+0000] {taskinstance.py:1300} INFO - Executing <Task(PythonOperator): export_to_csv> on 2023-03-02 19:13:10.293807+00:00
[2023-03-02T19:15:42.698+0000] {standard_task_runner.py:55} INFO - Started process 3105 to run task
[2023-03-02T19:15:42.704+0000] {standard_task_runner.py:82} INFO - Running: ['***', 'tasks', 'run', 'metadata_scraper', 'export_to_csv', 'manual__2023-03-02T19:13:10.293807+00:00', '--job-id', '34', '--raw', '--subdir', 'DAGS_FOLDER/scrapper.py', '--cfg-path', '/tmp/tmp8qm91st2']
[2023-03-02T19:15:42.707+0000] {standard_task_runner.py:83} INFO - Job 34: Subtask export_to_csv
[2023-03-02T19:15:42.797+0000] {task_command.py:388} INFO - Running <TaskInstance: metadata_scraper.export_to_csv manual__2023-03-02T19:13:10.293807+00:00 [running]> on host f6e174e28dc0
[2023-03-02T19:15:42.865+0000] {taskinstance.py:1509} INFO - Exporting the following env vars:
AIRFLOW_CTX_DAG_OWNER=Charu Singh
AIRFLOW_CTX_DAG_ID=metadata_scraper
AIRFLOW_CTX_TASK_ID=export_to_csv
AIRFLOW_CTX_EXECUTION_DATE=2023-03-02T19:13:10.293807+00:00
AIRFLOW_CTX_TRY_NUMBER=1
AIRFLOW_CTX_DAG_RUN_ID=manual__2023-03-02T19:13:10.293807+00:00
[2023-03-02T19:15:57.172+0000] {python.py:177} INFO - Done. Returned value was: None
[2023-03-02T19:15:57.226+0000] {taskinstance.py:1323} INFO - Marking task as SUCCESS. dag_id=metadata_scraper, task_id=export_to_csv, execution_date=20230302T191310, start_date=20230302T191542, end_date=20230302T191557
[2023-03-02T19:15:57.367+0000] {local_task_job.py:208} INFO - Task exited with return code 0
[2023-03-02T19:15:57.438+0000] {taskinstance.py:2578} INFO - 0 downstream tasks scheduled from follow-on schedule check
