[2023-02-23T01:41:43.846+0000] {taskinstance.py:1083} INFO - Dependencies all met for <TaskInstance: s3_scraper.upload_data manual__2023-02-23T01:41:31.612450+00:00 [queued]>
[2023-02-23T01:41:43.853+0000] {taskinstance.py:1083} INFO - Dependencies all met for <TaskInstance: s3_scraper.upload_data manual__2023-02-23T01:41:31.612450+00:00 [queued]>
[2023-02-23T01:41:43.854+0000] {taskinstance.py:1279} INFO - 
--------------------------------------------------------------------------------
[2023-02-23T01:41:43.857+0000] {taskinstance.py:1280} INFO - Starting attempt 1 of 2
[2023-02-23T01:41:43.857+0000] {taskinstance.py:1281} INFO - 
--------------------------------------------------------------------------------
[2023-02-23T01:41:43.866+0000] {taskinstance.py:1300} INFO - Executing <Task(PythonOperator): upload_data> on 2023-02-23 01:41:31.612450+00:00
[2023-02-23T01:41:43.890+0000] {standard_task_runner.py:55} INFO - Started process 14478 to run task
[2023-02-23T01:41:43.900+0000] {standard_task_runner.py:82} INFO - Running: ['***', 'tasks', 'run', 's3_scraper', 'upload_data', 'manual__2023-02-23T01:41:31.612450+00:00', '--job-id', '33', '--raw', '--subdir', 'DAGS_FOLDER/metadataScrapper.py', '--cfg-path', '/tmp/tmp3867tic7']
[2023-02-23T01:41:43.902+0000] {standard_task_runner.py:83} INFO - Job 33: Subtask upload_data
[2023-02-23T01:41:43.982+0000] {task_command.py:388} INFO - Running <TaskInstance: s3_scraper.upload_data manual__2023-02-23T01:41:31.612450+00:00 [running]> on host fd37b4f3bb6b
[2023-02-23T01:41:44.041+0000] {taskinstance.py:1509} INFO - Exporting the following env vars:
AIRFLOW_CTX_DAG_OWNER=Charu Singh
AIRFLOW_CTX_DAG_ID=s3_scraper
AIRFLOW_CTX_TASK_ID=upload_data
AIRFLOW_CTX_EXECUTION_DATE=2023-02-23T01:41:31.612450+00:00
AIRFLOW_CTX_TRY_NUMBER=1
AIRFLOW_CTX_DAG_RUN_ID=manual__2023-02-23T01:41:31.612450+00:00
[2023-02-23T01:41:44.093+0000] {python.py:177} INFO - Done. Returned value was: None
[2023-02-23T01:41:44.106+0000] {taskinstance.py:1323} INFO - Marking task as SUCCESS. dag_id=s3_scraper, task_id=upload_data, execution_date=20230223T014131, start_date=20230223T014143, end_date=20230223T014144
[2023-02-23T01:41:44.156+0000] {local_task_job.py:208} INFO - Task exited with return code 0
[2023-02-23T01:41:44.172+0000] {taskinstance.py:2578} INFO - 0 downstream tasks scheduled from follow-on schedule check
